2025-06-06 00:19:14 [[32mINFO[0m] [32m初始化数据库: F:\GitHub\python\class\实验室管理系统\database\database.db[0m
2025-06-06 00:19:14 [[34mDEBUG[0m] [34m数据库连接已建立[0m
2025-06-06 00:19:14 [[34mDEBUG[0m] [34m数据库连接已关闭[0m
2025-06-06 00:19:14 [[34mDEBUG[0m] [34mF:\GitHub\python\class\实验室管理系统\ui\login/login_window.ui[0m
2025-06-06 00:19:14 [[34mDEBUG[0m] [34m登录窗口初始化完成[0m
2025-06-06 00:19:21 [[32mINFO[0m] [32m用户尝试登录[0m
2025-06-06 00:19:21 [[34mDEBUG[0m] [34m2025-06-06 00:19:21[0m
2025-06-06 00:19:21 [[34mDEBUG[0m] [34m用户对象初始化:完成[0m
2025-06-06 00:19:21 [[34mDEBUG[0m] [34m数据库连接已建立[0m
2025-06-06 00:19:21 [[34mDEBUG[0m] [34m数据库连接已关闭[0m
2025-06-06 00:19:21 [[34mDEBUG[0m] [34m用户信息: (1, 'admin', '240be518fabd2724ddb6f04eeb1da5967448d7e831c08c8fa822809f74c720a9', 'admin', '系统管理员', None, 1, '2025-06-05 06:51:55')[0m
2025-06-06 00:19:21 [[32mINFO[0m] [32m用户 admin 登录成功[0m
2025-06-06 00:19:21 [[32mINFO[0m] [32m准备打开admin角色的主界面[0m
2025-06-06 00:19:22 [[32mINFO[0m] [32m初始化主窗口[0m
2025-06-06 00:19:22 [[32mINFO[0m] [32m用户信息：{'id': 1, 'username': 'admin', 'password': '240be518fabd2724ddb6f04eeb1da5967448d7e831c08c8fa822809f74c720a9', 'role': 'admin', 'real_name': '系统管理员', 'create_time': datetime.datetime(2025, 6, 5, 6, 51, 55), 'student_id': None, 'teacher_id': 1}[0m
2025-06-06 00:19:22 [[32mINFO[0m] [32m初始化界面元素[0m
2025-06-06 00:19:22 [[32mINFO[0m] [32m设置信号和槽的连接[0m
2025-06-06 00:19:22 [[32mINFO[0m] [32m加载用户信息[0m
2025-06-06 00:19:22 [[32mINFO[0m] [32m设置界面权限[0m
2025-06-06 00:19:22 [[32mINFO[0m] [32m主窗口初始化完成，用户角色: admin[0m
2025-06-06 00:19:24 [[34mDEBUG[0m] [34m数据库连接已建立[0m
2025-06-06 00:19:24 [[34mDEBUG[0m] [34m数据库连接已关闭[0m
2025-06-06 00:19:24 [[32mINFO[0m] [32m用户:admin 打开编辑用户窗口[0m
2025-06-06 00:19:39 [[32mINFO[0m] [32m初始化数据库: F:\GitHub\python\class\实验室管理系统\database\database.db[0m
2025-06-06 00:19:39 [[34mDEBUG[0m] [34m数据库连接已建立[0m
2025-06-06 00:19:39 [[34mDEBUG[0m] [34m数据库连接已关闭[0m
2025-06-06 00:19:39 [[34mDEBUG[0m] [34mF:\GitHub\python\class\实验室管理系统\ui\login/login_window.ui[0m
2025-06-06 00:19:39 [[34mDEBUG[0m] [34m登录窗口初始化完成[0m
2025-06-06 00:19:44 [[32mINFO[0m] [32m用户尝试登录[0m
2025-06-06 00:19:44 [[34mDEBUG[0m] [34m2025-06-06 00:19:44[0m
2025-06-06 00:19:44 [[34mDEBUG[0m] [34m用户对象初始化:完成[0m
2025-06-06 00:19:44 [[34mDEBUG[0m] [34m数据库连接已建立[0m
2025-06-06 00:19:44 [[34mDEBUG[0m] [34m数据库连接已关闭[0m
2025-06-06 00:19:44 [[34mDEBUG[0m] [34m用户信息: (3, '123456', '8d969eef6ecad3c29a3a629280e686cf0c3f5d5a86aff3ca12020c923adc6c92', 'student', '李四', None, 2, '2025-06-05 06:51:55')[0m
2025-06-06 00:19:44 [[32mINFO[0m] [32m用户 123456 登录成功[0m
2025-06-06 00:19:44 [[32mINFO[0m] [32m准备打开student角色的主界面[0m
2025-06-06 00:19:44 [[32mINFO[0m] [32m初始化主窗口[0m
2025-06-06 00:19:44 [[32mINFO[0m] [32m用户信息：{'id': 3, 'username': '123456', 'password': '8d969eef6ecad3c29a3a629280e686cf0c3f5d5a86aff3ca12020c923adc6c92', 'role': 'student', 'real_name': '李四', 'create_time': datetime.datetime(2025, 6, 5, 6, 51, 55), 'student_id': None, 'teacher_id': 2}[0m
2025-06-06 00:19:44 [[32mINFO[0m] [32m初始化界面元素[0m
2025-06-06 00:19:44 [[32mINFO[0m] [32m设置信号和槽的连接[0m
2025-06-06 00:19:44 [[32mINFO[0m] [32m加载用户信息[0m
2025-06-06 00:19:44 [[32mINFO[0m] [32m设置界面权限[0m
2025-06-06 00:19:44 [[32mINFO[0m] [32m主窗口初始化完成，用户角色: student[0m
2025-06-06 00:19:46 [[34mDEBUG[0m] [34m数据库连接已建立[0m
2025-06-06 00:19:46 [[34mDEBUG[0m] [34m数据库连接已关闭[0m
2025-06-06 00:19:46 [[34mDEBUG[0m] [34m[(3, 2, '实验管理系统', '写一个实验管理系统需要用python实现', '2025-06-05 06:51:55', None, None, None, None, 0, 2)][0m
2025-06-06 00:19:46 [[34mDEBUG[0m] [34m[(4, 2, '实验室管理系统2', '增加实验的功能', '2025-06-05 23:48:48', 3, 20.0, 'wear', None, 1, 2), (1, 2, '图书管理系统改', '写一个图书管理系统需要用python实现', '2025-06-05 06:51:55', 3, 100.0, '还行', None, 1, 2)][0m
2025-06-06 00:19:47 [[34mDEBUG[0m] [34m数据库连接已建立[0m
2025-06-06 00:19:47 [[34mDEBUG[0m] [34m数据库连接已关闭[0m
2025-06-06 00:19:47 [[32mINFO[0m] [32m用户:123456 打开编辑用户窗口[0m
2025-06-06 00:20:23 [[34mDEBUG[0m] [34m数据库连接已建立[0m
2025-06-06 00:20:25 [[34mDEBUG[0m] [34m数据库连接已建立[0m
2025-06-06 00:20:25 [[34mDEBUG[0m] [34m数据库连接已关闭[0m
2025-06-06 00:20:25 [[34mDEBUG[0m] [34m数据库连接已关闭[0m
2025-06-06 00:20:34 [[34mDEBUG[0m] [34m数据库连接已建立[0m
2025-06-06 00:20:34 [[34mDEBUG[0m] [34m数据库连接已关闭[0m
2025-06-06 00:20:34 [[32mINFO[0m] [32m用户:123456 打开编辑用户窗口[0m
2025-06-06 00:20:45 [[34mDEBUG[0m] [34m数据库连接已建立[0m
2025-06-06 00:20:46 [[34mDEBUG[0m] [34m数据库连接已关闭[0m
2025-06-06 00:20:49 [[34mDEBUG[0m] [34m数据库连接已建立[0m
2025-06-06 00:20:49 [[32mINFO[0m] [32m对密码进行哈希加密[0m
2025-06-06 00:20:49 [[34mDEBUG[0m] [34m密码加密成功: 12345678 -> 579a4aca10f59ac4fc5e1ef6e1a1e2ddacd508c2cf3825ebb45665f8421dd3ee[0m
2025-06-06 00:20:49 [[31mERROR[0m] [31m数据库连接错误: Error binding parameter 1 - probably unsupported type.[0m
2025-06-06 00:20:49 [[31mERROR[0m] [31m数据库连接错误: Error binding parameter 1 - probably unsupported type.[0m
Traceback (most recent call last):
  File "F:\GitHub\python\class\实验室管理系统\utils\db_utils.py", line 57, in get_connection
    yield conn
  File "F:\GitHub\python\class\实验室管理系统\ui\menu\user_information.py", line 143, in save_user_info
    cursor.execute("""
sqlite3.InterfaceError: Error binding parameter 1 - probably unsupported type.
2025-06-06 00:20:49 [[34mDEBUG[0m] [34m数据库连接已关闭[0m
2025-06-06 00:20:49 [[31mERROR[0m] [31m保存用户信息失败: Error binding parameter 1 - probably unsupported type.[0m
2025-06-06 00:20:49 [[31mERROR[0m] [31m保存用户信息失败: Error binding parameter 1 - probably unsupported type.[0m
Traceback (most recent call last):
  File "F:\GitHub\python\class\实验室管理系统\ui\menu\user_information.py", line 143, in save_user_info
    cursor.execute("""
sqlite3.InterfaceError: Error binding parameter 1 - probably unsupported type.
2025-06-06 00:22:31 [[32mINFO[0m] [32m初始化数据库: F:\GitHub\python\class\实验室管理系统\database\database.db[0m
2025-06-06 00:22:31 [[34mDEBUG[0m] [34m数据库连接已建立[0m
2025-06-06 00:22:31 [[34mDEBUG[0m] [34m数据库连接已关闭[0m
2025-06-06 00:22:31 [[34mDEBUG[0m] [34mF:\GitHub\python\class\实验室管理系统\ui\login/login_window.ui[0m
2025-06-06 00:22:31 [[34mDEBUG[0m] [34m登录窗口初始化完成[0m
2025-06-06 00:22:44 [[32mINFO[0m] [32m用户尝试登录[0m
2025-06-06 00:22:44 [[34mDEBUG[0m] [34m2025-06-06 00:22:44[0m
2025-06-06 00:22:44 [[34mDEBUG[0m] [34m用户对象初始化:完成[0m
2025-06-06 00:22:44 [[34mDEBUG[0m] [34m数据库连接已建立[0m
2025-06-06 00:22:44 [[34mDEBUG[0m] [34m数据库连接已关闭[0m
2025-06-06 00:22:44 [[34mDEBUG[0m] [34m用户信息: (3, '123456', '8d969eef6ecad3c29a3a629280e686cf0c3f5d5a86aff3ca12020c923adc6c92', 'student', '李四', '123', 2, '2025-06-05 06:51:55')[0m
2025-06-06 00:22:44 [[32mINFO[0m] [32m用户 123456 登录成功[0m
2025-06-06 00:22:44 [[32mINFO[0m] [32m准备打开student角色的主界面[0m
2025-06-06 00:22:44 [[32mINFO[0m] [32m初始化主窗口[0m
2025-06-06 00:22:44 [[32mINFO[0m] [32m用户信息：{'id': 3, 'username': '123456', 'password': '8d969eef6ecad3c29a3a629280e686cf0c3f5d5a86aff3ca12020c923adc6c92', 'role': 'student', 'real_name': '李四', 'create_time': datetime.datetime(2025, 6, 5, 6, 51, 55), 'student_id': '123', 'teacher_id': 2}[0m
2025-06-06 00:22:44 [[32mINFO[0m] [32m初始化界面元素[0m
2025-06-06 00:22:44 [[32mINFO[0m] [32m设置信号和槽的连接[0m
2025-06-06 00:22:44 [[32mINFO[0m] [32m加载用户信息[0m
2025-06-06 00:22:44 [[32mINFO[0m] [32m设置界面权限[0m
2025-06-06 00:22:44 [[32mINFO[0m] [32m主窗口初始化完成，用户角色: student[0m
2025-06-06 00:22:46 [[34mDEBUG[0m] [34m数据库连接已建立[0m
2025-06-06 00:22:46 [[34mDEBUG[0m] [34m数据库连接已关闭[0m
2025-06-06 00:22:46 [[32mINFO[0m] [32m用户:123456 打开编辑用户窗口[0m
2025-06-06 00:22:53 [[34mDEBUG[0m] [34m数据库连接已建立[0m
2025-06-06 00:22:54 [[34mDEBUG[0m] [34m数据库连接已建立[0m
2025-06-06 00:22:54 [[34mDEBUG[0m] [34m数据库连接已关闭[0m
2025-06-06 00:22:54 [[34mDEBUG[0m] [34m数据库连接已关闭[0m
2025-06-06 00:22:55 [[32mINFO[0m] [32m用户请求退出登录[0m
2025-06-06 00:22:56 [[32mINFO[0m] [32m用户确认退出登录[0m
2025-06-06 00:22:56 [[34mDEBUG[0m] [34m退出登录完成[0m
2025-06-06 00:23:01 [[32mINFO[0m] [32m用户尝试登录[0m
2025-06-06 00:23:01 [[34mDEBUG[0m] [34m2025-06-06 00:23:01[0m
2025-06-06 00:23:01 [[34mDEBUG[0m] [34m用户对象初始化:完成[0m
2025-06-06 00:23:01 [[34mDEBUG[0m] [34m数据库连接已建立[0m
2025-06-06 00:23:01 [[34mDEBUG[0m] [34m数据库连接已关闭[0m
2025-06-06 00:23:01 [[34mDEBUG[0m] [34m用户信息: (3, '12345678', 'ef797c8118f02dfb649607dd5d3f8c7623048c9c063d532cc95c5ed7a898a64f', 'student', '李四', '123', 2, '2025-06-05 06:51:55')[0m
2025-06-06 00:23:01 [[32mINFO[0m] [32m用户 12345678 登录成功[0m
2025-06-06 00:23:01 [[32mINFO[0m] [32m准备打开student角色的主界面[0m
2025-06-06 00:23:01 [[32mINFO[0m] [32m初始化主窗口[0m
2025-06-06 00:23:01 [[32mINFO[0m] [32m用户信息：{'id': 3, 'username': '12345678', 'password': 'ef797c8118f02dfb649607dd5d3f8c7623048c9c063d532cc95c5ed7a898a64f', 'role': 'student', 'real_name': '李四', 'create_time': datetime.datetime(2025, 6, 5, 6, 51, 55), 'student_id': '123', 'teacher_id': 2}[0m
2025-06-06 00:23:01 [[32mINFO[0m] [32m初始化界面元素[0m
2025-06-06 00:23:01 [[32mINFO[0m] [32m设置信号和槽的连接[0m
2025-06-06 00:23:01 [[32mINFO[0m] [32m加载用户信息[0m
2025-06-06 00:23:01 [[32mINFO[0m] [32m设置界面权限[0m
2025-06-06 00:23:01 [[32mINFO[0m] [32m主窗口初始化完成，用户角色: student[0m
2025-06-06 00:23:05 [[34mDEBUG[0m] [34m数据库连接已建立[0m
2025-06-06 00:23:05 [[34mDEBUG[0m] [34m数据库连接已关闭[0m
2025-06-06 00:23:05 [[34mDEBUG[0m] [34m[(3, 2, '实验管理系统', '写一个实验管理系统需要用python实现', '2025-06-05 06:51:55', None, None, None, None, 0, 2)][0m
2025-06-06 00:23:05 [[34mDEBUG[0m] [34m[(4, 2, '实验室管理系统2', '增加实验的功能', '2025-06-05 23:48:48', 3, 20.0, 'wear', None, 1, 2), (1, 2, '图书管理系统改', '写一个图书管理系统需要用python实现', '2025-06-05 06:51:55', 3, 100.0, '还行', None, 1, 2)][0m
2025-06-06 00:23:52 [[32mINFO[0m] [32m初始化数据库: F:\GitHub\python\class\实验室管理系统\database\database.db[0m
2025-06-06 00:23:52 [[34mDEBUG[0m] [34m数据库连接已建立[0m
2025-06-06 00:23:52 [[34mDEBUG[0m] [34m数据库连接已关闭[0m
2025-06-06 00:23:52 [[34mDEBUG[0m] [34mF:\GitHub\python\class\实验室管理系统\ui\login/login_window.ui[0m
2025-06-06 00:23:52 [[34mDEBUG[0m] [34m登录窗口初始化完成[0m
2025-06-06 00:24:01 [[32mINFO[0m] [32m用户尝试登录[0m
2025-06-06 00:24:01 [[34mDEBUG[0m] [34m2025-06-06 00:24:01[0m
2025-06-06 00:24:01 [[34mDEBUG[0m] [34m用户对象初始化:完成[0m
2025-06-06 00:24:01 [[34mDEBUG[0m] [34m数据库连接已建立[0m
2025-06-06 00:24:01 [[34mDEBUG[0m] [34m数据库连接已关闭[0m
2025-06-06 00:24:01 [[34mDEBUG[0m] [34m用户信息: (1, 'admin', '240be518fabd2724ddb6f04eeb1da5967448d7e831c08c8fa822809f74c720a9', 'admin', '系统管理员', None, 1, '2025-06-05 06:51:55')[0m
2025-06-06 00:24:01 [[32mINFO[0m] [32m用户 admin 登录成功[0m
2025-06-06 00:24:01 [[32mINFO[0m] [32m准备打开admin角色的主界面[0m
2025-06-06 00:24:01 [[32mINFO[0m] [32m初始化主窗口[0m
2025-06-06 00:24:01 [[32mINFO[0m] [32m用户信息：{'id': 1, 'username': 'admin', 'password': '240be518fabd2724ddb6f04eeb1da5967448d7e831c08c8fa822809f74c720a9', 'role': 'admin', 'real_name': '系统管理员', 'create_time': datetime.datetime(2025, 6, 5, 6, 51, 55), 'student_id': None, 'teacher_id': 1}[0m
2025-06-06 00:24:01 [[32mINFO[0m] [32m初始化界面元素[0m
2025-06-06 00:24:01 [[32mINFO[0m] [32m设置信号和槽的连接[0m
2025-06-06 00:24:01 [[32mINFO[0m] [32m加载用户信息[0m
2025-06-06 00:24:01 [[32mINFO[0m] [32m设置界面权限[0m
2025-06-06 00:24:01 [[32mINFO[0m] [32m主窗口初始化完成，用户角色: admin[0m
2025-06-06 00:24:05 [[32mINFO[0m] [32m初始化数据库: F:\GitHub\python\class\实验室管理系统\database\database.db[0m
2025-06-06 00:24:05 [[34mDEBUG[0m] [34m数据库连接已建立[0m
2025-06-06 00:24:05 [[34mDEBUG[0m] [34m数据库连接已关闭[0m
2025-06-06 00:24:05 [[34mDEBUG[0m] [34mF:\GitHub\python\class\实验室管理系统\ui\login/login_window.ui[0m
2025-06-06 00:24:05 [[34mDEBUG[0m] [34m登录窗口初始化完成[0m
2025-06-06 00:24:11 [[32mINFO[0m] [32m用户尝试登录[0m
2025-06-06 00:24:11 [[34mDEBUG[0m] [34m2025-06-06 00:24:11[0m
2025-06-06 00:24:11 [[34mDEBUG[0m] [34m用户对象初始化:完成[0m
2025-06-06 00:24:11 [[34mDEBUG[0m] [34m数据库连接已建立[0m
2025-06-06 00:24:11 [[34mDEBUG[0m] [34m数据库连接已关闭[0m
2025-06-06 00:24:11 [[34mDEBUG[0m] [34m用户信息: (1, 'admin', '240be518fabd2724ddb6f04eeb1da5967448d7e831c08c8fa822809f74c720a9', 'admin', '系统管理员', None, 1, '2025-06-05 06:51:55')[0m
2025-06-06 00:24:11 [[32mINFO[0m] [32m用户 admin 登录成功[0m
2025-06-06 00:24:11 [[32mINFO[0m] [32m准备打开admin角色的主界面[0m
2025-06-06 00:24:11 [[32mINFO[0m] [32m初始化主窗口[0m
2025-06-06 00:24:11 [[32mINFO[0m] [32m用户信息：{'id': 1, 'username': 'admin', 'password': '240be518fabd2724ddb6f04eeb1da5967448d7e831c08c8fa822809f74c720a9', 'role': 'admin', 'real_name': '系统管理员', 'create_time': datetime.datetime(2025, 6, 5, 6, 51, 55), 'student_id': None, 'teacher_id': 1}[0m
2025-06-06 00:24:11 [[32mINFO[0m] [32m初始化界面元素[0m
2025-06-06 00:24:11 [[32mINFO[0m] [32m设置信号和槽的连接[0m
2025-06-06 00:24:11 [[32mINFO[0m] [32m加载用户信息[0m
2025-06-06 00:24:11 [[32mINFO[0m] [32m设置界面权限[0m
2025-06-06 00:24:11 [[32mINFO[0m] [32m主窗口初始化完成，用户角色: admin[0m
2025-06-06 00:24:14 [[34mDEBUG[0m] [34m数据库连接已建立[0m
2025-06-06 00:24:14 [[34mDEBUG[0m] [34m数据库连接已关闭[0m
2025-06-06 00:24:14 [[34mDEBUG[0m] [34m数据库连接已建立[0m
2025-06-06 00:24:14 [[34mDEBUG[0m] [34m数据库连接已关闭[0m
2025-06-06 00:24:15 [[34mDEBUG[0m] [34m数据库连接已建立[0m
2025-06-06 00:24:15 [[34mDEBUG[0m] [34m数据库连接已关闭[0m
2025-06-06 00:24:15 [[32mINFO[0m] [32m用户:admin 打开编辑用户窗口[0m
2025-06-06 00:24:18 [[34mDEBUG[0m] [34m数据库连接已建立[0m
2025-06-06 00:24:18 [[34mDEBUG[0m] [34m数据库连接已关闭[0m
2025-06-06 00:24:18 [[32mINFO[0m] [32m用户:admin 打开编辑用户窗口[0m
2025-06-06 00:24:20 [[34mDEBUG[0m] [34m数据库连接已建立[0m
2025-06-06 00:24:20 [[34mDEBUG[0m] [34m数据库连接已关闭[0m
2025-06-06 00:24:20 [[32mINFO[0m] [32m用户:admin 打开编辑用户窗口[0m
2025-06-06 00:24:29 [[34mDEBUG[0m] [34m数据库连接已建立[0m
2025-06-06 00:24:29 [[34mDEBUG[0m] [34m数据库连接已关闭[0m
2025-06-06 00:24:29 [[32mINFO[0m] [32m用户:admin 打开编辑用户窗口[0m
2025-06-06 00:24:34 [[34mDEBUG[0m] [34m数据库连接已建立[0m
2025-06-06 00:24:35 [[34mDEBUG[0m] [34m数据库连接已建立[0m
2025-06-06 00:24:35 [[34mDEBUG[0m] [34m数据库连接已关闭[0m
2025-06-06 00:24:35 [[34mDEBUG[0m] [34m数据库连接已关闭[0m
2025-06-06 00:24:37 [[32mINFO[0m] [32m用户请求退出登录[0m
2025-06-06 00:24:38 [[32mINFO[0m] [32m用户确认退出登录[0m
2025-06-06 00:24:38 [[34mDEBUG[0m] [34m退出登录完成[0m
2025-06-06 00:24:42 [[32mINFO[0m] [32m用户尝试登录[0m
2025-06-06 00:24:42 [[34mDEBUG[0m] [34m2025-06-06 00:24:42[0m
2025-06-06 00:24:42 [[34mDEBUG[0m] [34m用户对象初始化:完成[0m
2025-06-06 00:24:42 [[34mDEBUG[0m] [34m数据库连接已建立[0m
2025-06-06 00:24:42 [[34mDEBUG[0m] [34m数据库连接已关闭[0m
2025-06-06 00:24:42 [[34mDEBUG[0m] [34m用户信息: (4, '123456', '8d969eef6ecad3c29a3a629280e686cf0c3f5d5a86aff3ca12020c923adc6c92', 'student', '张三', '', 2, '2025-06-05 06:51:55')[0m
2025-06-06 00:24:42 [[32mINFO[0m] [32m用户 123456 登录成功[0m
2025-06-06 00:24:42 [[32mINFO[0m] [32m准备打开student角色的主界面[0m
2025-06-06 00:24:42 [[32mINFO[0m] [32m初始化主窗口[0m
2025-06-06 00:24:42 [[32mINFO[0m] [32m用户信息：{'id': 4, 'username': '123456', 'password': '8d969eef6ecad3c29a3a629280e686cf0c3f5d5a86aff3ca12020c923adc6c92', 'role': 'student', 'real_name': '张三', 'create_time': datetime.datetime(2025, 6, 5, 6, 51, 55), 'student_id': '', 'teacher_id': 2}[0m
2025-06-06 00:24:42 [[32mINFO[0m] [32m初始化界面元素[0m
2025-06-06 00:24:42 [[32mINFO[0m] [32m设置信号和槽的连接[0m
2025-06-06 00:24:42 [[32mINFO[0m] [32m加载用户信息[0m
2025-06-06 00:24:42 [[32mINFO[0m] [32m设置界面权限[0m
2025-06-06 00:24:42 [[32mINFO[0m] [32m主窗口初始化完成，用户角色: student[0m
2025-06-06 00:24:43 [[34mDEBUG[0m] [34m数据库连接已建立[0m
2025-06-06 00:24:43 [[34mDEBUG[0m] [34m数据库连接已关闭[0m
2025-06-06 00:24:43 [[34mDEBUG[0m] [34m[(4, 2, '实验室管理系统2', '增加实验的功能', '2025-06-05 23:48:48', None, None, None, None, 1, 2), (1, 2, '图书管理系统改', '写一个图书管理系统需要用python实现', '2025-06-05 06:51:55', None, None, None, None, 1, 2), (3, 2, '实验管理系统', '写一个实验管理系统需要用python实现', '2025-06-05 06:51:55', None, None, None, None, 0, 2)][0m
2025-06-06 00:24:43 [[34mDEBUG[0m] [34m[][0m
2025-06-06 00:24:51 [[32mINFO[0m] [32m用户请求退出登录[0m
2025-06-06 00:24:52 [[32mINFO[0m] [32m用户确认退出登录[0m
2025-06-06 00:24:52 [[34mDEBUG[0m] [34m退出登录完成[0m
2025-06-06 00:24:57 [[32mINFO[0m] [32m用户尝试登录[0m
2025-06-06 00:24:57 [[34mDEBUG[0m] [34m2025-06-06 00:24:57[0m
2025-06-06 00:24:57 [[34mDEBUG[0m] [34m用户对象初始化:完成[0m
2025-06-06 00:24:57 [[34mDEBUG[0m] [34m数据库连接已建立[0m
2025-06-06 00:24:57 [[34mDEBUG[0m] [34m数据库连接已关闭[0m
2025-06-06 00:24:57 [[34mDEBUG[0m] [34m用户信息: (2, 'teacher', 'cde383eee8ee7a4400adf7a15f716f179a2eb97646b37e089eb8d6d04e663416', 'teacher', '教师测试账号', None, 2, '2025-06-05 06:51:55')[0m
2025-06-06 00:24:57 [[32mINFO[0m] [32m用户 teacher 登录成功[0m
2025-06-06 00:24:57 [[32mINFO[0m] [32m准备打开teacher角色的主界面[0m
2025-06-06 00:24:57 [[32mINFO[0m] [32m初始化主窗口[0m
2025-06-06 00:24:57 [[32mINFO[0m] [32m用户信息：{'id': 2, 'username': 'teacher', 'password': 'cde383eee8ee7a4400adf7a15f716f179a2eb97646b37e089eb8d6d04e663416', 'role': 'teacher', 'real_name': '教师测试账号', 'create_time': datetime.datetime(2025, 6, 5, 6, 51, 55), 'student_id': None, 'teacher_id': 2}[0m
2025-06-06 00:24:57 [[32mINFO[0m] [32m初始化界面元素[0m
2025-06-06 00:24:57 [[32mINFO[0m] [32m设置信号和槽的连接[0m
2025-06-06 00:24:57 [[32mINFO[0m] [32m加载用户信息[0m
2025-06-06 00:24:57 [[32mINFO[0m] [32m设置界面权限[0m
2025-06-06 00:24:57 [[32mINFO[0m] [32m主窗口初始化完成，用户角色: teacher[0m
2025-06-06 00:24:59 [[34mDEBUG[0m] [34m数据库连接已建立[0m
2025-06-06 00:24:59 [[34mDEBUG[0m] [34m数据库连接已关闭[0m
2025-06-06 00:24:59 [[34mDEBUG[0m] [34m数据库连接已建立[0m
2025-06-06 00:24:59 [[34mDEBUG[0m] [34m数据库连接已关闭[0m
2025-06-06 00:25:00 [[34mDEBUG[0m] [34m数据库连接已建立[0m
2025-06-06 00:25:00 [[34mDEBUG[0m] [34m数据库连接已关闭[0m
2025-06-06 00:25:01 [[34mDEBUG[0m] [34m数据库连接已建立[0m
2025-06-06 00:25:01 [[34mDEBUG[0m] [34m数据库连接已关闭[0m
2025-06-06 00:25:04 [[34mDEBUG[0m] [34m数据库连接已建立[0m
2025-06-06 00:25:05 [[34mDEBUG[0m] [34m数据库连接已建立[0m
2025-06-06 00:25:05 [[34mDEBUG[0m] [34m数据库连接已关闭[0m
2025-06-06 00:25:05 [[34mDEBUG[0m] [34m数据库连接已关闭[0m
2025-06-06 00:25:07 [[32mINFO[0m] [32m搜索未完成实验，关键词：[0m
2025-06-06 00:25:07 [[34mDEBUG[0m] [34m数据库连接已建立[0m
2025-06-06 00:25:07 [[34mDEBUG[0m] [34m数据库连接已关闭[0m
2025-06-06 00:25:08 [[32mINFO[0m] [32m搜索未完成实验，关键词：[0m
2025-06-06 00:25:08 [[34mDEBUG[0m] [34m数据库连接已建立[0m
2025-06-06 00:25:08 [[34mDEBUG[0m] [34m数据库连接已关闭[0m
2025-06-06 00:25:08 [[32mINFO[0m] [32m搜索未完成实验，关键词：[0m
2025-06-06 00:25:08 [[34mDEBUG[0m] [34m数据库连接已建立[0m
2025-06-06 00:25:08 [[34mDEBUG[0m] [34m数据库连接已关闭[0m
2025-06-06 00:25:09 [[34mDEBUG[0m] [34m数据库连接已建立[0m
2025-06-06 00:25:09 [[34mDEBUG[0m] [34m数据库连接已关闭[0m
2025-06-06 00:25:09 [[34mDEBUG[0m] [34m[(4, 2, '实验室管理系统2', '增加实验的功能', '2025-06-05 23:48:48', None, None, None, None, 1, 1), (1, 2, '图书管理系统改', '写一个图书管理系统需要用python实现', '2025-06-05 06:51:55', None, None, None, None, 1, 1), (3, 2, '实验管理系统', '写一个实验管理系统需要用python实现', '2025-06-05 06:51:55', None, None, None, None, 0, 1)][0m
2025-06-06 00:25:09 [[34mDEBUG[0m] [34m[][0m
2025-06-06 00:25:09 [[34mDEBUG[0m] [34m数据库连接已建立[0m
2025-06-06 00:25:09 [[34mDEBUG[0m] [34m数据库连接已关闭[0m
2025-06-06 00:25:09 [[34mDEBUG[0m] [34m[(4, 2, '实验室管理系统2', '增加实验的功能', '2025-06-05 23:48:48', None, None, None, None, 1, 1), (1, 2, '图书管理系统改', '写一个图书管理系统需要用python实现', '2025-06-05 06:51:55', None, None, None, None, 1, 1), (3, 2, '实验管理系统', '写一个实验管理系统需要用python实现', '2025-06-05 06:51:55', None, None, None, None, 0, 1)][0m
2025-06-06 00:25:09 [[34mDEBUG[0m] [34m[][0m
2025-06-06 00:25:12 [[34mDEBUG[0m] [34m数据库连接已建立[0m
2025-06-06 00:25:13 [[34mDEBUG[0m] [34m数据库连接已建立[0m
2025-06-06 00:25:13 [[34mDEBUG[0m] [34m数据库连接已关闭[0m
2025-06-06 00:25:13 [[34mDEBUG[0m] [34m数据库连接已关闭[0m
2025-06-06 00:25:13 [[34mDEBUG[0m] [34m数据库连接已建立[0m
2025-06-06 00:25:13 [[34mDEBUG[0m] [34m数据库连接已关闭[0m
2025-06-06 00:25:13 [[34mDEBUG[0m] [34m[][0m
2025-06-06 00:25:13 [[34mDEBUG[0m] [34m[][0m
2025-06-06 00:25:15 [[34mDEBUG[0m] [34m数据库连接已建立[0m
2025-06-06 00:25:16 [[34mDEBUG[0m] [34m数据库连接已建立[0m
2025-06-06 00:25:16 [[34mDEBUG[0m] [34m数据库连接已关闭[0m
2025-06-06 00:25:16 [[34mDEBUG[0m] [34m数据库连接已关闭[0m
2025-06-06 00:25:19 [[34mDEBUG[0m] [34m数据库连接已建立[0m
2025-06-06 00:25:19 [[34mDEBUG[0m] [34m数据库连接已关闭[0m
2025-06-06 00:25:20 [[34mDEBUG[0m] [34m数据库连接已建立[0m
2025-06-06 00:25:20 [[34mDEBUG[0m] [34m数据库连接已关闭[0m
2025-06-06 00:25:20 [[34mDEBUG[0m] [34m数据库连接已建立[0m
2025-06-06 00:25:20 [[34mDEBUG[0m] [34m数据库连接已关闭[0m
2025-06-06 00:25:23 [[34mDEBUG[0m] [34m数据库连接已建立[0m
2025-06-06 00:25:23 [[34mDEBUG[0m] [34m数据库连接已关闭[0m
2025-06-06 00:25:25 [[34mDEBUG[0m] [34m数据库连接已建立[0m
2025-06-06 00:25:25 [[34mDEBUG[0m] [34m数据库连接已关闭[0m
2025-06-06 00:25:25 [[34mDEBUG[0m] [34m[][0m
2025-06-06 00:25:25 [[34mDEBUG[0m] [34m[(4, 2, '实验室管理系统2', '增加实验的功能', '2025-06-05 23:48:48', 3, 20.0, 'wear', '李四', 1, 1), (1, 2, '图书管理系统改', '写一个图书管理系统需要用python实现', '2025-06-05 06:51:55', 3, 100.0, '还行', '李四', 1, 1)][0m
2025-06-06 00:25:37 [[32mINFO[0m] [32m初始化数据库: F:\GitHub\python\class\实验室管理系统\database\database.db[0m
2025-06-06 00:25:37 [[34mDEBUG[0m] [34m数据库连接已建立[0m
2025-06-06 00:25:37 [[34mDEBUG[0m] [34m数据库连接已关闭[0m
2025-06-06 00:25:37 [[34mDEBUG[0m] [34mF:\GitHub\python\class\实验室管理系统\ui\login/login_window.ui[0m
2025-06-06 00:25:37 [[34mDEBUG[0m] [34m登录窗口初始化完成[0m
2025-06-06 00:28:54 [[32mINFO[0m] [32m初始化数据库: F:\GitHub\python\class\实验室管理系统\database\database.db[0m
2025-06-06 00:28:54 [[34mDEBUG[0m] [34m数据库连接已建立[0m
2025-06-06 00:28:54 [[34mDEBUG[0m] [34m数据库连接已关闭[0m
2025-06-06 00:28:54 [[34mDEBUG[0m] [34mF:\GitHub\python\class\实验室管理系统\ui\login/login_window.ui[0m
2025-06-06 00:28:54 [[34mDEBUG[0m] [34m登录窗口初始化完成[0m
2025-06-06 00:29:00 [[32mINFO[0m] [32m用户尝试登录[0m
2025-06-06 00:29:00 [[34mDEBUG[0m] [34m2025-06-06 00:29:00[0m
2025-06-06 00:29:00 [[34mDEBUG[0m] [34m用户对象初始化:完成[0m
2025-06-06 00:29:00 [[34mDEBUG[0m] [34m数据库连接已建立[0m
2025-06-06 00:29:00 [[34mDEBUG[0m] [34m数据库连接已关闭[0m
2025-06-06 00:29:00 [[34mDEBUG[0m] [34m用户信息: (1, 'admin', '240be518fabd2724ddb6f04eeb1da5967448d7e831c08c8fa822809f74c720a9', 'admin', '系统管理员', None, 1, '2025-06-05 06:51:55')[0m
2025-06-06 00:29:00 [[32mINFO[0m] [32m用户 admin 登录成功[0m
2025-06-06 00:29:00 [[32mINFO[0m] [32m准备打开admin角色的主界面[0m
2025-06-06 00:29:00 [[32mINFO[0m] [32m初始化主窗口[0m
2025-06-06 00:29:00 [[32mINFO[0m] [32m用户信息：{'id': 1, 'username': 'admin', 'password': '240be518fabd2724ddb6f04eeb1da5967448d7e831c08c8fa822809f74c720a9', 'role': 'admin', 'real_name': '系统管理员', 'create_time': datetime.datetime(2025, 6, 5, 6, 51, 55), 'student_id': None, 'teacher_id': 1}[0m
2025-06-06 00:29:00 [[32mINFO[0m] [32m初始化界面元素[0m
2025-06-06 00:29:00 [[32mINFO[0m] [32m设置信号和槽的连接[0m
2025-06-06 00:29:00 [[32mINFO[0m] [32m加载用户信息[0m
2025-06-06 00:29:00 [[32mINFO[0m] [32m设置界面权限[0m
2025-06-06 00:29:00 [[32mINFO[0m] [32m主窗口初始化完成，用户角色: admin[0m
2025-06-06 00:29:02 [[34mDEBUG[0m] [34m数据库连接已建立[0m
2025-06-06 00:29:02 [[34mDEBUG[0m] [34m数据库连接已关闭[0m
2025-06-06 00:29:03 [[34mDEBUG[0m] [34m数据库连接已建立[0m
2025-06-06 00:29:03 [[34mDEBUG[0m] [34m数据库连接已关闭[0m
2025-06-06 00:29:11 [[34mDEBUG[0m] [34m数据库连接已建立[0m
2025-06-06 00:29:11 [[34mDEBUG[0m] [34m数据库连接已关闭[0m
2025-06-06 00:29:11 [[34mDEBUG[0m] [34m[][0m
2025-06-06 00:29:11 [[34mDEBUG[0m] [34m[(4, 2, '实验室管理系统2', '增加实验的功能', '2025-06-05 23:48:48', 3, 20.0, 'wear', '李四', '教师测试账号', 1, 1), (1, 2, '图书管理系统改', '写一个图书管理系统需要用python实现', '2025-06-05 06:51:55', 3, 100.0, '还行', '李四', '教师测试账号', 1, 1)][0m
2025-06-06 00:29:13 [[34mDEBUG[0m] [34m数据库连接已建立[0m
2025-06-06 00:29:13 [[34mDEBUG[0m] [34m数据库连接已关闭[0m
2025-06-06 00:29:14 [[34mDEBUG[0m] [34m数据库连接已建立[0m
2025-06-06 00:29:16 [[32mINFO[0m] [32m用户:admin 确认删除用户 12345678[0m
2025-06-06 00:29:17 [[34mDEBUG[0m] [34m数据库连接已建立[0m
2025-06-06 00:29:17 [[34mDEBUG[0m] [34m数据库连接已关闭[0m
2025-06-06 00:29:17 [[34mDEBUG[0m] [34m数据库连接已关闭[0m
2025-06-06 00:29:17 [[34mDEBUG[0m] [34m数据库连接已建立[0m
2025-06-06 00:29:17 [[34mDEBUG[0m] [34m数据库连接已关闭[0m
2025-06-06 00:29:18 [[34mDEBUG[0m] [34m数据库连接已建立[0m
2025-06-06 00:29:18 [[34mDEBUG[0m] [34m数据库连接已关闭[0m
2025-06-06 00:29:18 [[34mDEBUG[0m] [34m[][0m
2025-06-06 00:29:18 [[34mDEBUG[0m] [34m[][0m
2025-06-06 00:29:20 [[32mINFO[0m] [32m搜索已完成实验，关键词：[0m
2025-06-06 00:29:20 [[34mDEBUG[0m] [34m数据库连接已建立[0m
2025-06-06 00:29:20 [[34mDEBUG[0m] [34m数据库连接已关闭[0m
2025-06-06 00:29:20 [[32mINFO[0m] [32m搜索已完成实验，关键词：[0m
2025-06-06 00:29:20 [[34mDEBUG[0m] [34m数据库连接已建立[0m
2025-06-06 00:29:20 [[34mDEBUG[0m] [34m数据库连接已关闭[0m
2025-06-06 00:29:22 [[34mDEBUG[0m] [34m数据库连接已建立[0m
2025-06-06 00:29:22 [[34mDEBUG[0m] [34m数据库连接已关闭[0m
2025-06-06 00:29:23 [[32mINFO[0m] [32m用户:admin 打开添加用户窗口[0m
2025-06-06 00:29:53 [[34mDEBUG[0m] [34m数据库连接已建立[0m
2025-06-06 00:29:53 [[34mDEBUG[0m] [34m数据库连接已关闭[0m
2025-06-06 00:29:53 [[32mINFO[0m] [32m用户:admin 打开编辑用户窗口[0m
2025-06-06 00:35:13 [[32mINFO[0m] [32m初始化数据库: F:\GitHub\python\class\实验室管理系统\database\database.db[0m
2025-06-06 00:35:13 [[34mDEBUG[0m] [34m数据库连接已建立[0m
2025-06-06 00:35:13 [[34mDEBUG[0m] [34m数据库连接已关闭[0m
2025-06-06 00:35:13 [[34mDEBUG[0m] [34mF:\GitHub\python\class\实验室管理系统\ui\login/login_window.ui[0m
2025-06-06 00:35:13 [[34mDEBUG[0m] [34m登录窗口初始化完成[0m
2025-06-06 00:35:21 [[32mINFO[0m] [32m用户尝试登录[0m
2025-06-06 00:35:21 [[34mDEBUG[0m] [34m2025-06-06 00:35:21[0m
2025-06-06 00:35:21 [[34mDEBUG[0m] [34m用户对象初始化:完成[0m
2025-06-06 00:35:21 [[34mDEBUG[0m] [34m数据库连接已建立[0m
2025-06-06 00:35:21 [[34mDEBUG[0m] [34m数据库连接已关闭[0m
2025-06-06 00:35:21 [[34mDEBUG[0m] [34m用户信息: (1, 'admin', '240be518fabd2724ddb6f04eeb1da5967448d7e831c08c8fa822809f74c720a9', 'admin', '系统管理员', None, 1, '2025-06-05 06:51:55')[0m
2025-06-06 00:35:21 [[32mINFO[0m] [32m用户 admin 登录成功[0m
2025-06-06 00:35:21 [[32mINFO[0m] [32m准备打开admin角色的主界面[0m
2025-06-06 00:35:21 [[32mINFO[0m] [32m初始化主窗口[0m
2025-06-06 00:35:21 [[32mINFO[0m] [32m用户信息：{'id': 1, 'username': 'admin', 'password': '240be518fabd2724ddb6f04eeb1da5967448d7e831c08c8fa822809f74c720a9', 'role': 'admin', 'real_name': '系统管理员', 'create_time': datetime.datetime(2025, 6, 5, 6, 51, 55), 'student_id': None, 'teacher_id': 1}[0m
2025-06-06 00:35:21 [[32mINFO[0m] [32m初始化界面元素[0m
2025-06-06 00:35:21 [[32mINFO[0m] [32m设置信号和槽的连接[0m
2025-06-06 00:35:21 [[32mINFO[0m] [32m加载用户信息[0m
2025-06-06 00:35:21 [[32mINFO[0m] [32m设置界面权限[0m
2025-06-06 00:35:21 [[32mINFO[0m] [32m主窗口初始化完成，用户角色: admin[0m
2025-06-06 00:35:23 [[34mDEBUG[0m] [34m数据库连接已建立[0m
2025-06-06 00:35:23 [[34mDEBUG[0m] [34m数据库连接已关闭[0m
2025-06-06 00:35:23 [[32mINFO[0m] [32m用户:admin 打开添加用户窗口[0m
2025-06-06 00:35:42 [[34mDEBUG[0m] [34m数据库连接已建立[0m
2025-06-06 00:35:42 [[34mDEBUG[0m] [34m数据库连接已关闭[0m
2025-06-06 00:35:43 [[34mDEBUG[0m] [34m数据库连接已建立[0m
2025-06-06 00:35:43 [[34mDEBUG[0m] [34m数据库连接已关闭[0m
2025-06-06 00:35:44 [[32mINFO[0m] [32m用户请求退出登录[0m
2025-06-06 00:35:45 [[32mINFO[0m] [32m用户确认退出登录[0m
2025-06-06 00:35:45 [[34mDEBUG[0m] [34m退出登录完成[0m
2025-06-06 00:35:50 [[32mINFO[0m] [32m用户尝试登录[0m
2025-06-06 00:35:50 [[33mWARNING[0m] [33m用户名格式错误: 用户名长度不能小于4个字符[0m
2025-06-06 00:36:17 [[32mINFO[0m] [32m用户尝试登录[0m
2025-06-06 00:36:17 [[34mDEBUG[0m] [34m2025-06-06 00:36:17[0m
2025-06-06 00:36:17 [[34mDEBUG[0m] [34m用户对象初始化:完成[0m
2025-06-06 00:36:17 [[34mDEBUG[0m] [34m数据库连接已建立[0m
2025-06-06 00:36:17 [[34mDEBUG[0m] [34m数据库连接已关闭[0m
2025-06-06 00:36:17 [[34mDEBUG[0m] [34m用户信息: (1, 'admin', '240be518fabd2724ddb6f04eeb1da5967448d7e831c08c8fa822809f74c720a9', 'admin', '系统管理员', None, 1, '2025-06-05 06:51:55')[0m
2025-06-06 00:36:17 [[32mINFO[0m] [32m用户 admin 登录成功[0m
2025-06-06 00:36:17 [[32mINFO[0m] [32m准备打开admin角色的主界面[0m
2025-06-06 00:36:17 [[32mINFO[0m] [32m初始化主窗口[0m
2025-06-06 00:36:17 [[32mINFO[0m] [32m用户信息：{'id': 1, 'username': 'admin', 'password': '240be518fabd2724ddb6f04eeb1da5967448d7e831c08c8fa822809f74c720a9', 'role': 'admin', 'real_name': '系统管理员', 'create_time': datetime.datetime(2025, 6, 5, 6, 51, 55), 'student_id': None, 'teacher_id': 1}[0m
2025-06-06 00:36:17 [[32mINFO[0m] [32m初始化界面元素[0m
2025-06-06 00:36:17 [[32mINFO[0m] [32m设置信号和槽的连接[0m
2025-06-06 00:36:17 [[32mINFO[0m] [32m加载用户信息[0m
2025-06-06 00:36:17 [[32mINFO[0m] [32m设置界面权限[0m
2025-06-06 00:36:17 [[32mINFO[0m] [32m主窗口初始化完成，用户角色: admin[0m
2025-06-06 00:36:18 [[34mDEBUG[0m] [34m数据库连接已建立[0m
2025-06-06 00:36:18 [[34mDEBUG[0m] [34m数据库连接已关闭[0m
2025-06-06 00:36:19 [[32mINFO[0m] [32m用户:admin 打开添加用户窗口[0m
2025-06-06 00:36:35 [[34mDEBUG[0m] [34m数据库连接已建立[0m
2025-06-06 00:36:35 [[31mERROR[0m] [31m数据库连接错误: UNIQUE constraint failed: users.username[0m
2025-06-06 00:36:35 [[31mERROR[0m] [31m数据库连接错误: UNIQUE constraint failed: users.username[0m
Traceback (most recent call last):
  File "F:\GitHub\python\class\实验室管理系统\utils\db_utils.py", line 57, in get_connection
    yield conn
  File "F:\GitHub\python\class\实验室管理系统\ui\menu\user_information.py", line 192, in save
    cursor = conn.execute("""
sqlite3.IntegrityError: UNIQUE constraint failed: users.username
2025-06-06 00:36:35 [[34mDEBUG[0m] [34m数据库连接已关闭[0m
2025-06-06 00:36:35 [[31mERROR[0m] [31m保存用户信息失败: UNIQUE constraint failed: users.username[0m
2025-06-06 00:36:35 [[31mERROR[0m] [31m保存用户信息失败: UNIQUE constraint failed: users.username[0m
Traceback (most recent call last):
  File "F:\GitHub\python\class\实验室管理系统\ui\menu\user_information.py", line 192, in save
    cursor = conn.execute("""
sqlite3.IntegrityError: UNIQUE constraint failed: users.username
2025-06-06 00:36:45 [[34mDEBUG[0m] [34m数据库连接已建立[0m
2025-06-06 00:36:45 [[34mDEBUG[0m] [34m数据库连接已关闭[0m
2025-06-06 00:36:46 [[34mDEBUG[0m] [34m数据库连接已建立[0m
2025-06-06 00:36:46 [[34mDEBUG[0m] [34m数据库连接已关闭[0m
2025-06-06 00:36:52 [[32mINFO[0m] [32m用户请求退出登录[0m
2025-06-06 00:36:53 [[32mINFO[0m] [32m用户确认退出登录[0m
2025-06-06 00:36:53 [[34mDEBUG[0m] [34m退出登录完成[0m
2025-06-06 00:36:58 [[32mINFO[0m] [32m用户尝试登录[0m
2025-06-06 00:36:58 [[34mDEBUG[0m] [34m2025-06-06 00:36:58[0m
2025-06-06 00:36:58 [[34mDEBUG[0m] [34m用户对象初始化:完成[0m
2025-06-06 00:36:58 [[34mDEBUG[0m] [34m数据库连接已建立[0m
2025-06-06 00:36:58 [[34mDEBUG[0m] [34m数据库连接已关闭[0m
2025-06-06 00:36:58 [[34mDEBUG[0m] [34m用户信息: (6, '1234567', '8bb0cf6eb9b17d0f7d22b456f121257dc1254e1f01665370476383ea776df414', 'student', '王五', '123', None, '2025-06-05 16:36:45')[0m
2025-06-06 00:36:58 [[32mINFO[0m] [32m用户 1234567 登录成功[0m
2025-06-06 00:36:58 [[32mINFO[0m] [32m准备打开student角色的主界面[0m
2025-06-06 00:36:58 [[32mINFO[0m] [32m初始化主窗口[0m
2025-06-06 00:36:58 [[32mINFO[0m] [32m用户信息：{'id': 6, 'username': '1234567', 'password': '8bb0cf6eb9b17d0f7d22b456f121257dc1254e1f01665370476383ea776df414', 'role': 'student', 'real_name': '王五', 'create_time': datetime.datetime(2025, 6, 5, 16, 36, 45), 'student_id': '123', 'teacher_id': None}[0m
2025-06-06 00:36:58 [[32mINFO[0m] [32m初始化界面元素[0m
2025-06-06 00:36:58 [[32mINFO[0m] [32m设置信号和槽的连接[0m
2025-06-06 00:36:58 [[32mINFO[0m] [32m加载用户信息[0m
2025-06-06 00:36:58 [[32mINFO[0m] [32m设置界面权限[0m
2025-06-06 00:36:58 [[32mINFO[0m] [32m主窗口初始化完成，用户角色: student[0m
2025-06-06 00:37:00 [[34mDEBUG[0m] [34m数据库连接已建立[0m
2025-06-06 00:37:00 [[34mDEBUG[0m] [34m数据库连接已关闭[0m
2025-06-06 00:37:00 [[34mDEBUG[0m] [34m[][0m
2025-06-06 00:37:00 [[34mDEBUG[0m] [34m[][0m
2025-06-06 00:37:02 [[34mDEBUG[0m] [34m数据库连接已建立[0m
2025-06-06 00:37:02 [[34mDEBUG[0m] [34m数据库连接已关闭[0m
2025-06-06 00:37:02 [[32mINFO[0m] [32m用户:1234567 打开编辑用户窗口[0m
2025-06-06 08:10:04 [[32mINFO[0m] [32m初始化数据库: F:\GitHub\python\class\实验室管理系统\database\database.db[0m
2025-06-06 08:10:04 [[34mDEBUG[0m] [34m数据库连接已建立[0m
2025-06-06 08:10:04 [[34mDEBUG[0m] [34m数据库连接已关闭[0m
2025-06-06 08:10:04 [[34mDEBUG[0m] [34mF:\GitHub\python\class\实验室管理系统\ui\login/login_window.ui[0m
2025-06-06 08:10:04 [[34mDEBUG[0m] [34m登录窗口初始化完成[0m
2025-06-06 08:10:13 [[32mINFO[0m] [32m用户尝试登录[0m
2025-06-06 08:10:13 [[34mDEBUG[0m] [34m2025-06-06 08:10:13[0m
2025-06-06 08:10:13 [[34mDEBUG[0m] [34m用户对象初始化:完成[0m
2025-06-06 08:10:13 [[34mDEBUG[0m] [34m数据库连接已建立[0m
2025-06-06 08:10:13 [[34mDEBUG[0m] [34m数据库连接已关闭[0m
2025-06-06 08:10:13 [[34mDEBUG[0m] [34m用户信息: (1, 'admin', '240be518fabd2724ddb6f04eeb1da5967448d7e831c08c8fa822809f74c720a9', 'admin', '系统管理员', None, 1, '2025-06-05 06:51:55')[0m
2025-06-06 08:10:13 [[32mINFO[0m] [32m用户 admin 登录成功[0m
2025-06-06 08:10:13 [[32mINFO[0m] [32m准备打开admin角色的主界面[0m
2025-06-06 08:10:13 [[32mINFO[0m] [32m初始化主窗口[0m
2025-06-06 08:10:13 [[32mINFO[0m] [32m用户信息：{'id': 1, 'username': 'admin', 'password': '240be518fabd2724ddb6f04eeb1da5967448d7e831c08c8fa822809f74c720a9', 'role': 'admin', 'real_name': '系统管理员', 'create_time': datetime.datetime(2025, 6, 5, 6, 51, 55), 'student_id': None, 'teacher_id': 1}[0m
2025-06-06 08:10:14 [[32mINFO[0m] [32m初始化界面元素[0m
2025-06-06 08:10:14 [[32mINFO[0m] [32m设置信号和槽的连接[0m
2025-06-06 08:10:14 [[32mINFO[0m] [32m加载用户信息[0m
2025-06-06 08:10:14 [[32mINFO[0m] [32m设置界面权限[0m
2025-06-06 08:10:14 [[32mINFO[0m] [32m主窗口初始化完成，用户角色: admin[0m
2025-06-06 08:10:50 [[32mINFO[0m] [32m初始化数据库: F:\GitHub\python\class\实验室管理系统\database\database.db[0m
2025-06-06 08:10:50 [[34mDEBUG[0m] [34m数据库连接已建立[0m
2025-06-06 08:10:50 [[34mDEBUG[0m] [34m数据库连接已关闭[0m
2025-06-06 08:10:51 [[34mDEBUG[0m] [34mF:\GitHub\python\class\实验室管理系统\ui\login/login_window.ui[0m
2025-06-06 08:10:51 [[34mDEBUG[0m] [34m登录窗口初始化完成[0m
2025-06-06 08:10:54 [[34mDEBUG[0m] [34m数据库连接已建立[0m
2025-06-06 08:10:54 [[34mDEBUG[0m] [34m数据库连接已关闭[0m
2025-06-06 08:10:55 [[34mDEBUG[0m] [34m数据库连接已建立[0m
2025-06-06 08:10:55 [[34mDEBUG[0m] [34m数据库连接已关闭[0m
2025-06-06 08:11:11 [[32mINFO[0m] [32m用户尝试登录[0m
2025-06-06 08:11:11 [[34mDEBUG[0m] [34m2025-06-06 08:11:11[0m
2025-06-06 08:11:11 [[34mDEBUG[0m] [34m用户对象初始化:完成[0m
2025-06-06 08:11:11 [[34mDEBUG[0m] [34m数据库连接已建立[0m
2025-06-06 08:11:11 [[34mDEBUG[0m] [34m数据库连接已关闭[0m
2025-06-06 08:11:11 [[34mDEBUG[0m] [34m用户信息: (2, 'teacher', 'cde383eee8ee7a4400adf7a15f716f179a2eb97646b37e089eb8d6d04e663416', 'teacher', '教师测试账号', None, 2, '2025-06-05 06:51:55')[0m
2025-06-06 08:11:11 [[32mINFO[0m] [32m用户 teacher 登录成功[0m
2025-06-06 08:11:11 [[32mINFO[0m] [32m准备打开teacher角色的主界面[0m
2025-06-06 08:11:11 [[32mINFO[0m] [32m初始化主窗口[0m
2025-06-06 08:11:11 [[32mINFO[0m] [32m用户信息：{'id': 2, 'username': 'teacher', 'password': 'cde383eee8ee7a4400adf7a15f716f179a2eb97646b37e089eb8d6d04e663416', 'role': 'teacher', 'real_name': '教师测试账号', 'create_time': datetime.datetime(2025, 6, 5, 6, 51, 55), 'student_id': None, 'teacher_id': 2}[0m
2025-06-06 08:11:11 [[32mINFO[0m] [32m初始化界面元素[0m
2025-06-06 08:11:11 [[32mINFO[0m] [32m设置信号和槽的连接[0m
2025-06-06 08:11:11 [[32mINFO[0m] [32m加载用户信息[0m
2025-06-06 08:11:11 [[32mINFO[0m] [32m设置界面权限[0m
2025-06-06 08:11:11 [[32mINFO[0m] [32m主窗口初始化完成，用户角色: teacher[0m
2025-06-06 08:11:15 [[32mINFO[0m] [32m用户:admin 打开添加用户窗口[0m
2025-06-06 08:11:56 [[34mDEBUG[0m] [34m数据库连接已建立[0m
2025-06-06 08:11:56 [[34mDEBUG[0m] [34m数据库连接已关闭[0m
2025-06-06 08:11:58 [[34mDEBUG[0m] [34m数据库连接已建立[0m
2025-06-06 08:11:58 [[34mDEBUG[0m] [34m数据库连接已关闭[0m
2025-06-06 08:12:12 [[32mINFO[0m] [32m搜索用户，关键词：[0m
2025-06-06 08:12:12 [[34mDEBUG[0m] [34m数据库连接已建立[0m
2025-06-06 08:12:12 [[34mDEBUG[0m] [34m数据库连接已关闭[0m
2025-06-06 08:12:16 [[32mINFO[0m] [32m搜索用户，关键词：123[0m
2025-06-06 08:12:16 [[34mDEBUG[0m] [34m数据库连接已建立[0m
2025-06-06 08:12:16 [[34mDEBUG[0m] [34m数据库连接已关闭[0m
2025-06-06 08:12:21 [[32mINFO[0m] [32m搜索用户，关键词：[0m
2025-06-06 08:12:21 [[34mDEBUG[0m] [34m数据库连接已建立[0m
2025-06-06 08:12:21 [[34mDEBUG[0m] [34m数据库连接已关闭[0m
2025-06-06 08:12:27 [[32mINFO[0m] [32m用户请求退出登录[0m
2025-06-06 08:12:29 [[32mINFO[0m] [32m用户确认退出登录[0m
2025-06-06 08:12:29 [[34mDEBUG[0m] [34m退出登录完成[0m
2025-06-06 08:12:36 [[32mINFO[0m] [32m用户尝试登录[0m
2025-06-06 08:12:36 [[34mDEBUG[0m] [34m2025-06-06 08:12:36[0m
2025-06-06 08:12:36 [[34mDEBUG[0m] [34m用户对象初始化:完成[0m
2025-06-06 08:12:36 [[34mDEBUG[0m] [34m数据库连接已建立[0m
2025-06-06 08:12:36 [[34mDEBUG[0m] [34m数据库连接已关闭[0m
2025-06-06 08:12:36 [[33mWARNING[0m] [33m用户 teacher 登录失败[0m
2025-06-06 08:12:44 [[32mINFO[0m] [32m用户尝试登录[0m
2025-06-06 08:12:44 [[34mDEBUG[0m] [34m2025-06-06 08:12:44[0m
2025-06-06 08:12:44 [[34mDEBUG[0m] [34m用户对象初始化:完成[0m
2025-06-06 08:12:44 [[34mDEBUG[0m] [34m数据库连接已建立[0m
2025-06-06 08:12:44 [[34mDEBUG[0m] [34m数据库连接已关闭[0m
2025-06-06 08:12:44 [[34mDEBUG[0m] [34m用户信息: (2, 'teacher', 'cde383eee8ee7a4400adf7a15f716f179a2eb97646b37e089eb8d6d04e663416', 'teacher', '教师测试账号', None, 2, '2025-06-05 06:51:55')[0m
2025-06-06 08:12:44 [[32mINFO[0m] [32m用户 teacher 登录成功[0m
2025-06-06 08:12:44 [[32mINFO[0m] [32m准备打开teacher角色的主界面[0m
2025-06-06 08:12:44 [[32mINFO[0m] [32m初始化主窗口[0m
2025-06-06 08:12:44 [[32mINFO[0m] [32m用户信息：{'id': 2, 'username': 'teacher', 'password': 'cde383eee8ee7a4400adf7a15f716f179a2eb97646b37e089eb8d6d04e663416', 'role': 'teacher', 'real_name': '教师测试账号', 'create_time': datetime.datetime(2025, 6, 5, 6, 51, 55), 'student_id': None, 'teacher_id': 2}[0m
2025-06-06 08:12:44 [[32mINFO[0m] [32m初始化界面元素[0m
2025-06-06 08:12:44 [[32mINFO[0m] [32m设置信号和槽的连接[0m
2025-06-06 08:12:44 [[32mINFO[0m] [32m加载用户信息[0m
2025-06-06 08:12:44 [[32mINFO[0m] [32m设置界面权限[0m
2025-06-06 08:12:44 [[32mINFO[0m] [32m主窗口初始化完成，用户角色: teacher[0m
2025-06-06 08:12:51 [[32mINFO[0m] [32m用户请求退出登录[0m
2025-06-06 08:12:53 [[32mINFO[0m] [32m用户确认退出登录[0m
2025-06-06 08:12:53 [[34mDEBUG[0m] [34m退出登录完成[0m
2025-06-06 08:13:00 [[32mINFO[0m] [32m用户尝试登录[0m
2025-06-06 08:13:00 [[34mDEBUG[0m] [34m2025-06-06 08:13:00[0m
2025-06-06 08:13:00 [[34mDEBUG[0m] [34m用户对象初始化:完成[0m
2025-06-06 08:13:00 [[34mDEBUG[0m] [34m数据库连接已建立[0m
2025-06-06 08:13:00 [[34mDEBUG[0m] [34m数据库连接已关闭[0m
2025-06-06 08:13:00 [[34mDEBUG[0m] [34m用户信息: (7, 'teacher2', 'cde383eee8ee7a4400adf7a15f716f179a2eb97646b37e089eb8d6d04e663416', 'teacher', '教师2', None, None, '2025-06-06 00:11:56')[0m
2025-06-06 08:13:00 [[32mINFO[0m] [32m用户 teacher2 登录成功[0m
2025-06-06 08:13:00 [[32mINFO[0m] [32m准备打开teacher角色的主界面[0m
2025-06-06 08:13:00 [[32mINFO[0m] [32m初始化主窗口[0m
2025-06-06 08:13:00 [[32mINFO[0m] [32m用户信息：{'id': 7, 'username': 'teacher2', 'password': 'cde383eee8ee7a4400adf7a15f716f179a2eb97646b37e089eb8d6d04e663416', 'role': 'teacher', 'real_name': '教师2', 'create_time': datetime.datetime(2025, 6, 6, 0, 11, 56), 'student_id': None, 'teacher_id': None}[0m
2025-06-06 08:13:00 [[32mINFO[0m] [32m初始化界面元素[0m
2025-06-06 08:13:00 [[32mINFO[0m] [32m设置信号和槽的连接[0m
2025-06-06 08:13:00 [[32mINFO[0m] [32m加载用户信息[0m
2025-06-06 08:13:00 [[32mINFO[0m] [32m设置界面权限[0m
2025-06-06 08:13:00 [[32mINFO[0m] [32m主窗口初始化完成，用户角色: teacher[0m
2025-06-06 08:13:05 [[34mDEBUG[0m] [34m数据库连接已建立[0m
2025-06-06 08:13:05 [[34mDEBUG[0m] [34m数据库连接已关闭[0m
2025-06-06 08:13:18 [[32mINFO[0m] [32m初始化数据库: F:\GitHub\python\class\实验室管理系统\database\database.db[0m
2025-06-06 08:13:18 [[34mDEBUG[0m] [34m数据库连接已建立[0m
2025-06-06 08:13:18 [[34mDEBUG[0m] [34m数据库连接已关闭[0m
2025-06-06 08:13:18 [[34mDEBUG[0m] [34mF:\GitHub\python\class\实验室管理系统\ui\login/login_window.ui[0m
2025-06-06 08:13:18 [[34mDEBUG[0m] [34m登录窗口初始化完成[0m
2025-06-06 08:13:27 [[32mINFO[0m] [32m用户尝试登录[0m
2025-06-06 08:13:27 [[34mDEBUG[0m] [34m2025-06-06 08:13:27[0m
2025-06-06 08:13:27 [[34mDEBUG[0m] [34m用户对象初始化:完成[0m
2025-06-06 08:13:27 [[34mDEBUG[0m] [34m数据库连接已建立[0m
2025-06-06 08:13:27 [[34mDEBUG[0m] [34m数据库连接已关闭[0m
2025-06-06 08:13:27 [[33mWARNING[0m] [33m用户 1234567 登录失败[0m
2025-06-06 08:13:30 [[32mINFO[0m] [32m用户尝试登录[0m
2025-06-06 08:13:30 [[34mDEBUG[0m] [34m2025-06-06 08:13:30[0m
2025-06-06 08:13:30 [[34mDEBUG[0m] [34m用户对象初始化:完成[0m
2025-06-06 08:13:30 [[34mDEBUG[0m] [34m数据库连接已建立[0m
2025-06-06 08:13:30 [[34mDEBUG[0m] [34m数据库连接已关闭[0m
2025-06-06 08:13:30 [[34mDEBUG[0m] [34m用户信息: (6, '1234567', '8bb0cf6eb9b17d0f7d22b456f121257dc1254e1f01665370476383ea776df414', 'student', '王五', '123', None, '2025-06-05 16:36:45')[0m
2025-06-06 08:13:30 [[32mINFO[0m] [32m用户 1234567 登录成功[0m
2025-06-06 08:13:30 [[32mINFO[0m] [32m准备打开student角色的主界面[0m
2025-06-06 08:13:30 [[32mINFO[0m] [32m初始化主窗口[0m
2025-06-06 08:13:30 [[32mINFO[0m] [32m用户信息：{'id': 6, 'username': '1234567', 'password': '8bb0cf6eb9b17d0f7d22b456f121257dc1254e1f01665370476383ea776df414', 'role': 'student', 'real_name': '王五', 'create_time': datetime.datetime(2025, 6, 5, 16, 36, 45), 'student_id': '123', 'teacher_id': None}[0m
2025-06-06 08:13:30 [[32mINFO[0m] [32m初始化界面元素[0m
2025-06-06 08:13:30 [[32mINFO[0m] [32m设置信号和槽的连接[0m
2025-06-06 08:13:30 [[32mINFO[0m] [32m加载用户信息[0m
2025-06-06 08:13:30 [[32mINFO[0m] [32m设置界面权限[0m
2025-06-06 08:13:30 [[32mINFO[0m] [32m主窗口初始化完成，用户角色: student[0m
2025-06-06 08:13:33 [[34mDEBUG[0m] [34m数据库连接已建立[0m
2025-06-06 08:13:33 [[34mDEBUG[0m] [34m数据库连接已关闭[0m
2025-06-06 08:13:33 [[34mDEBUG[0m] [34m[][0m
2025-06-06 08:13:33 [[34mDEBUG[0m] [34m[][0m
2025-06-06 08:13:38 [[34mDEBUG[0m] [34m数据库连接已建立[0m
2025-06-06 08:13:40 [[34mDEBUG[0m] [34m数据库连接已建立[0m
2025-06-06 08:13:40 [[34mDEBUG[0m] [34m数据库连接已关闭[0m
2025-06-06 08:13:40 [[34mDEBUG[0m] [34m数据库连接已关闭[0m
2025-06-06 08:13:43 [[34mDEBUG[0m] [34m数据库连接已建立[0m
2025-06-06 08:13:43 [[34mDEBUG[0m] [34m数据库连接已关闭[0m
2025-06-06 08:13:43 [[34mDEBUG[0m] [34m[][0m
2025-06-06 08:13:43 [[34mDEBUG[0m] [34m[][0m
2025-06-06 08:13:44 [[34mDEBUG[0m] [34m数据库连接已建立[0m
2025-06-06 08:13:44 [[34mDEBUG[0m] [34m数据库连接已关闭[0m
2025-06-06 08:13:45 [[34mDEBUG[0m] [34m数据库连接已建立[0m
2025-06-06 08:13:45 [[34mDEBUG[0m] [34m数据库连接已关闭[0m
2025-06-06 08:13:46 [[34mDEBUG[0m] [34m数据库连接已建立[0m
2025-06-06 08:13:46 [[34mDEBUG[0m] [34m数据库连接已关闭[0m
2025-06-06 08:13:47 [[34mDEBUG[0m] [34m数据库连接已建立[0m
2025-06-06 08:13:47 [[34mDEBUG[0m] [34m数据库连接已关闭[0m
2025-06-06 08:13:47 [[34mDEBUG[0m] [34m[][0m
2025-06-06 08:13:47 [[34mDEBUG[0m] [34m[][0m
2025-06-06 08:13:48 [[34mDEBUG[0m] [34m数据库连接已建立[0m
2025-06-06 08:13:48 [[34mDEBUG[0m] [34m数据库连接已关闭[0m
2025-06-06 08:13:49 [[32mINFO[0m] [32m创建实验窗口初始化完毕[0m
2025-06-06 08:14:15 [[34mDEBUG[0m] [34m数据库连接已建立[0m
2025-06-06 08:14:15 [[32mINFO[0m] [32m用户:teacher2 创建新实验 5[0m
2025-06-06 08:14:16 [[34mDEBUG[0m] [34m数据库连接已关闭[0m
2025-06-06 08:14:16 [[34mDEBUG[0m] [34m数据库连接已建立[0m
2025-06-06 08:14:16 [[34mDEBUG[0m] [34m数据库连接已关闭[0m
2025-06-06 08:14:18 [[32mINFO[0m] [32m搜索未完成实验，关键词：[0m
2025-06-06 08:14:18 [[34mDEBUG[0m] [34m数据库连接已建立[0m
2025-06-06 08:14:18 [[34mDEBUG[0m] [34m数据库连接已关闭[0m
2025-06-06 08:14:21 [[32mINFO[0m] [32m初始化实验提交窗口[0m
2025-06-06 08:14:21 [[34mDEBUG[0m] [34mF:\GitHub\python\class\实验室管理系统\ui\menu/submit_experiment.ui[0m
2025-06-06 08:14:21 [[34mDEBUG[0m] [34m数据库连接已建立[0m
2025-06-06 08:14:21 [[34mDEBUG[0m] [34m数据库连接已关闭[0m
2025-06-06 08:14:31 [[34mDEBUG[0m] [34m数据库连接已建立[0m
2025-06-06 08:14:32 [[34mDEBUG[0m] [34m数据库连接已建立[0m
2025-06-06 08:14:32 [[34mDEBUG[0m] [34m数据库连接已关闭[0m
2025-06-06 08:14:32 [[34mDEBUG[0m] [34m[][0m
2025-06-06 08:14:32 [[34mDEBUG[0m] [34m[(5, 7, '实验管理系统2', '用python写一个实验管理系统', '2025-06-06 08:14:15', 6, None, None, None, 1, 1)][0m
2025-06-06 08:14:32 [[34mDEBUG[0m] [34m数据库连接已关闭[0m
2025-06-06 08:14:35 [[32mINFO[0m] [32m搜索所有实验，关键词：[0m
2025-06-06 08:14:35 [[34mDEBUG[0m] [34m数据库连接已建立[0m
2025-06-06 08:14:35 [[34mDEBUG[0m] [34m数据库连接已关闭[0m
2025-06-06 08:14:37 [[34mDEBUG[0m] [34m数据库连接已建立[0m
2025-06-06 08:14:37 [[34mDEBUG[0m] [34m数据库连接已关闭[0m
2025-06-06 08:14:39 [[34mDEBUG[0m] [34m数据库连接已建立[0m
2025-06-06 08:14:39 [[34mDEBUG[0m] [34m数据库连接已关闭[0m
2025-06-06 08:14:39 [[34mDEBUG[0m] [34m[(5, 7, '实验管理系统2', '用python写一个实验管理系统', '2025-06-06 08:14:15', 6, None, None, '王五', 1, 1)][0m
2025-06-06 08:14:39 [[34mDEBUG[0m] [34m[][0m
2025-06-06 08:14:41 [[32mINFO[0m] [32m批改实验提交 5[0m
2025-06-06 08:14:41 [[34mDEBUG[0m] [34m数据库连接已建立[0m
2025-06-06 08:14:41 [[34mDEBUG[0m] [34m数据库连接已关闭[0m
2025-06-06 08:14:41 [[32mINFO[0m] [32m用户:teacher2 打开批改实验窗口，实验ID:5[0m
2025-06-06 08:14:54 [[34mDEBUG[0m] [34m数据库连接已建立[0m
2025-06-06 08:14:54 [[32mINFO[0m] [32m用户:teacher2 完成实验批改，实验ID:5[0m
2025-06-06 08:14:58 [[34mDEBUG[0m] [34m数据库连接已建立[0m
2025-06-06 08:14:58 [[34mDEBUG[0m] [34m数据库连接已关闭[0m
2025-06-06 08:14:58 [[34mDEBUG[0m] [34m[][0m
2025-06-06 08:14:58 [[34mDEBUG[0m] [34m[(5, 7, '实验管理系统2', '用python写一个实验管理系统', '2025-06-06 08:14:15', 6, 10.0, '好', '王五', 1, 1)][0m
2025-06-06 08:14:58 [[34mDEBUG[0m] [34m数据库连接已关闭[0m
2025-06-06 08:15:03 [[32mINFO[0m] [32m搜索已完成实验，关键词：[0m
2025-06-06 08:15:03 [[34mDEBUG[0m] [34m数据库连接已建立[0m
2025-06-06 08:15:03 [[34mDEBUG[0m] [34m数据库连接已关闭[0m
2025-06-06 08:15:04 [[32mINFO[0m] [32m用户:1234567 查看实验提交 5[0m
2025-06-06 08:15:04 [[34mDEBUG[0m] [34m数据库连接已建立[0m
2025-06-06 08:15:04 [[34mDEBUG[0m] [34m数据库连接已关闭[0m
2025-06-06 08:15:04 [[32mINFO[0m] [32m用户:1234567 打开批改实验窗口，实验ID:5[0m
2025-06-06 08:15:14 [[34mDEBUG[0m] [34m数据库连接已建立[0m
2025-06-06 08:15:14 [[34mDEBUG[0m] [34m数据库连接已关闭[0m
2025-06-06 08:15:14 [[34mDEBUG[0m] [34m[][0m
2025-06-06 08:15:14 [[34mDEBUG[0m] [34m[(5, 7, '实验管理系统2', '用python写一个实验管理系统', '2025-06-06 08:14:15', 6, 10.0, '好', None, 1, 1)][0m
2025-06-06 08:15:26 [[34mDEBUG[0m] [34m数据库连接已建立[0m
2025-06-06 08:15:26 [[34mDEBUG[0m] [34m数据库连接已关闭[0m
2025-06-06 08:15:26 [[34mDEBUG[0m] [34m[][0m
2025-06-06 08:15:26 [[34mDEBUG[0m] [34m[(5, 7, '实验管理系统2', '用python写一个实验管理系统', '2025-06-06 08:14:15', 6, 10.0, '好', None, 1, 1)][0m
2025-06-06 08:16:07 [[34mDEBUG[0m] [34m数据库连接已建立[0m
2025-06-06 08:16:07 [[34mDEBUG[0m] [34m数据库连接已关闭[0m
2025-06-06 08:16:08 [[34mDEBUG[0m] [34m数据库连接已建立[0m
2025-06-06 08:16:08 [[34mDEBUG[0m] [34m数据库连接已关闭[0m
2025-06-06 08:16:13 [[32mINFO[0m] [32m用户:admin 请求删除实验 5[0m
2025-06-06 08:16:13 [[34mDEBUG[0m] [34m数据库连接已建立[0m
2025-06-06 08:16:15 [[32mINFO[0m] [32m用户:admin 确认删除实验 5[0m
2025-06-06 08:16:16 [[34mDEBUG[0m] [34m数据库连接已建立[0m
2025-06-06 08:16:16 [[34mDEBUG[0m] [34m数据库连接已关闭[0m
2025-06-06 08:16:16 [[34mDEBUG[0m] [34m数据库连接已关闭[0m
2025-06-06 08:16:19 [[32mINFO[0m] [32m搜索已完成实验，关键词：[0m
2025-06-06 08:16:19 [[34mDEBUG[0m] [34m数据库连接已建立[0m
2025-06-06 08:16:19 [[34mDEBUG[0m] [34m数据库连接已关闭[0m
2025-06-06 08:16:21 [[32mINFO[0m] [32m搜索已完成实验，关键词：[0m
2025-06-06 08:16:21 [[34mDEBUG[0m] [34m数据库连接已建立[0m
2025-06-06 08:16:21 [[34mDEBUG[0m] [34m数据库连接已关闭[0m
2025-06-06 08:16:26 [[34mDEBUG[0m] [34m数据库连接已建立[0m
2025-06-06 08:16:26 [[34mDEBUG[0m] [34m数据库连接已关闭[0m
2025-06-06 08:16:26 [[34mDEBUG[0m] [34m[][0m
2025-06-06 08:16:26 [[34mDEBUG[0m] [34m[][0m
2025-06-06 08:16:55 [[34mDEBUG[0m] [34m数据库连接已建立[0m
2025-06-06 08:16:55 [[34mDEBUG[0m] [34m数据库连接已关闭[0m
2025-06-06 08:16:56 [[34mDEBUG[0m] [34m数据库连接已建立[0m
2025-06-06 08:17:00 [[34mDEBUG[0m] [34m数据库连接已关闭[0m
2025-06-06 08:17:14 [[32mINFO[0m] [32m用户请求退出登录[0m
2025-06-06 08:17:16 [[32mINFO[0m] [32m用户确认退出登录[0m
2025-06-06 08:17:16 [[34mDEBUG[0m] [34m退出登录完成[0m
2025-06-06 08:17:24 [[32mINFO[0m] [32m用户尝试登录[0m
2025-06-06 08:17:24 [[34mDEBUG[0m] [34m2025-06-06 08:17:24[0m
2025-06-06 08:17:24 [[34mDEBUG[0m] [34m用户对象初始化:完成[0m
2025-06-06 08:17:24 [[34mDEBUG[0m] [34m数据库连接已建立[0m
2025-06-06 08:17:24 [[34mDEBUG[0m] [34m数据库连接已关闭[0m
2025-06-06 08:17:24 [[33mWARNING[0m] [33m用户 teacher 登录失败[0m
2025-06-06 08:17:34 [[32mINFO[0m] [32m用户尝试登录[0m
2025-06-06 08:17:34 [[34mDEBUG[0m] [34m2025-06-06 08:17:34[0m
2025-06-06 08:17:34 [[34mDEBUG[0m] [34m用户对象初始化:完成[0m
2025-06-06 08:17:34 [[34mDEBUG[0m] [34m数据库连接已建立[0m
2025-06-06 08:17:34 [[34mDEBUG[0m] [34m数据库连接已关闭[0m
2025-06-06 08:17:34 [[34mDEBUG[0m] [34m用户信息: (2, 'teacher', 'cde383eee8ee7a4400adf7a15f716f179a2eb97646b37e089eb8d6d04e663416', 'teacher', '教师测试账号', None, 2, '2025-06-05 06:51:55')[0m
2025-06-06 08:17:34 [[32mINFO[0m] [32m用户 teacher 登录成功[0m
2025-06-06 08:17:34 [[32mINFO[0m] [32m准备打开teacher角色的主界面[0m
2025-06-06 08:17:34 [[32mINFO[0m] [32m初始化主窗口[0m
2025-06-06 08:17:34 [[32mINFO[0m] [32m用户信息：{'id': 2, 'username': 'teacher', 'password': 'cde383eee8ee7a4400adf7a15f716f179a2eb97646b37e089eb8d6d04e663416', 'role': 'teacher', 'real_name': '教师测试账号', 'create_time': datetime.datetime(2025, 6, 5, 6, 51, 55), 'student_id': None, 'teacher_id': 2}[0m
2025-06-06 08:17:34 [[32mINFO[0m] [32m初始化界面元素[0m
2025-06-06 08:17:34 [[32mINFO[0m] [32m设置信号和槽的连接[0m
2025-06-06 08:17:34 [[32mINFO[0m] [32m加载用户信息[0m
2025-06-06 08:17:34 [[32mINFO[0m] [32m设置界面权限[0m
2025-06-06 08:17:34 [[32mINFO[0m] [32m主窗口初始化完成，用户角色: teacher[0m
2025-06-06 08:17:37 [[34mDEBUG[0m] [34m数据库连接已建立[0m
2025-06-06 08:17:37 [[34mDEBUG[0m] [34m数据库连接已关闭[0m
2025-06-06 08:17:45 [[34mDEBUG[0m] [34m数据库连接已建立[0m
2025-06-06 08:17:45 [[34mDEBUG[0m] [34m数据库连接已关闭[0m
2025-06-06 08:17:46 [[34mDEBUG[0m] [34m数据库连接已建立[0m
2025-06-06 08:17:46 [[34mDEBUG[0m] [34m数据库连接已关闭[0m
2025-06-06 08:17:49 [[34mDEBUG[0m] [34m数据库连接已建立[0m
2025-06-06 08:17:50 [[34mDEBUG[0m] [34m数据库连接已建立[0m
2025-06-06 08:17:50 [[34mDEBUG[0m] [34m数据库连接已关闭[0m
2025-06-06 08:17:50 [[34mDEBUG[0m] [34m数据库连接已关闭[0m
2025-06-06 08:17:52 [[32mINFO[0m] [32m搜索未完成实验，关键词：[0m
2025-06-06 08:17:52 [[34mDEBUG[0m] [34m数据库连接已建立[0m
2025-06-06 08:17:52 [[34mDEBUG[0m] [34m数据库连接已关闭[0m
2025-06-06 08:18:01 [[34mDEBUG[0m] [34m数据库连接已建立[0m
2025-06-06 08:18:01 [[34mDEBUG[0m] [34m数据库连接已关闭[0m
2025-06-06 08:18:02 [[34mDEBUG[0m] [34m数据库连接已建立[0m
2025-06-06 08:18:02 [[34mDEBUG[0m] [34m数据库连接已关闭[0m
2025-06-06 08:18:02 [[34mDEBUG[0m] [34m[][0m
2025-06-06 08:18:02 [[34mDEBUG[0m] [34m[][0m
2025-06-06 08:18:04 [[34mDEBUG[0m] [34m数据库连接已建立[0m
2025-06-06 08:18:04 [[34mDEBUG[0m] [34m数据库连接已关闭[0m
2025-06-06 08:18:04 [[34mDEBUG[0m] [34m[][0m
2025-06-06 08:18:04 [[34mDEBUG[0m] [34m[][0m
2025-06-06 08:18:05 [[32mINFO[0m] [32m搜索未完成实验，关键词：[0m
2025-06-06 08:18:05 [[34mDEBUG[0m] [34m数据库连接已建立[0m
2025-06-06 08:18:05 [[34mDEBUG[0m] [34m数据库连接已关闭[0m
2025-06-06 08:18:09 [[32mINFO[0m] [32m初始化实验提交窗口[0m
2025-06-06 08:18:09 [[34mDEBUG[0m] [34mF:\GitHub\python\class\实验室管理系统\ui\menu/submit_experiment.ui[0m
2025-06-06 08:18:09 [[34mDEBUG[0m] [34m数据库连接已建立[0m
2025-06-06 08:18:09 [[34mDEBUG[0m] [34m数据库连接已关闭[0m
2025-06-06 08:18:13 [[34mDEBUG[0m] [34m数据库连接已建立[0m
2025-06-06 08:18:14 [[34mDEBUG[0m] [34m数据库连接已建立[0m
2025-06-06 08:18:14 [[34mDEBUG[0m] [34m数据库连接已关闭[0m
2025-06-06 08:18:14 [[34mDEBUG[0m] [34m[(1, 2, '图书管理系统改', '写一个图书管理系统需要用python实现', '2025-06-05 06:51:55', None, None, None, None, 0, 2), (3, 2, '实验管理系统', '写一个实验管理系统需要用python实现', '2025-06-05 06:51:55', None, None, None, None, 0, 2)][0m
2025-06-06 08:18:14 [[34mDEBUG[0m] [34m[(4, 2, '实验室管理系统2', '增加实验的功能', '2025-06-05 23:48:48', 6, None, None, None, 1, 2)][0m
2025-06-06 08:18:15 [[34mDEBUG[0m] [34m数据库连接已关闭[0m
2025-06-06 08:18:16 [[32mINFO[0m] [32m初始化实验提交窗口[0m
2025-06-06 08:18:16 [[34mDEBUG[0m] [34mF:\GitHub\python\class\实验室管理系统\ui\menu/submit_experiment.ui[0m
2025-06-06 08:18:16 [[34mDEBUG[0m] [34m数据库连接已建立[0m
2025-06-06 08:18:16 [[34mDEBUG[0m] [34m数据库连接已关闭[0m
2025-06-06 08:18:18 [[34mDEBUG[0m] [34m数据库连接已建立[0m
2025-06-06 08:18:20 [[34mDEBUG[0m] [34m数据库连接已建立[0m
2025-06-06 08:18:20 [[34mDEBUG[0m] [34m数据库连接已关闭[0m
2025-06-06 08:18:20 [[34mDEBUG[0m] [34m[(1, 2, '图书管理系统改', '写一个图书管理系统需要用python实现', '2025-06-05 06:51:55', None, None, None, None, 0, 2)][0m
2025-06-06 08:18:20 [[34mDEBUG[0m] [34m[(4, 2, '实验室管理系统2', '增加实验的功能', '2025-06-05 23:48:48', 6, None, None, None, 1, 2), (3, 2, '实验管理系统', '写一个实验管理系统需要用python实现', '2025-06-05 06:51:55', 6, None, None, None, 1, 2)][0m
2025-06-06 08:18:20 [[34mDEBUG[0m] [34m数据库连接已关闭[0m
2025-06-06 08:18:24 [[32mINFO[0m] [32m搜索未完成实验，关键词：[0m
2025-06-06 08:18:24 [[34mDEBUG[0m] [34m数据库连接已建立[0m
2025-06-06 08:18:24 [[34mDEBUG[0m] [34m数据库连接已关闭[0m
2025-06-06 08:18:25 [[32mINFO[0m] [32m批改实验提交 3[0m
2025-06-06 08:18:25 [[34mDEBUG[0m] [34m数据库连接已建立[0m
2025-06-06 08:18:25 [[34mDEBUG[0m] [34m数据库连接已关闭[0m
2025-06-06 08:18:25 [[32mINFO[0m] [32m用户:teacher 打开批改实验窗口，实验ID:3[0m
2025-06-06 08:18:30 [[34mDEBUG[0m] [34m数据库连接已建立[0m
2025-06-06 08:18:30 [[32mINFO[0m] [32m用户:teacher 完成实验批改，实验ID:3[0m
2025-06-06 08:18:32 [[34mDEBUG[0m] [34m数据库连接已建立[0m
2025-06-06 08:18:32 [[34mDEBUG[0m] [34m数据库连接已关闭[0m
2025-06-06 08:18:32 [[34mDEBUG[0m] [34m[(4, 2, '实验室管理系统2', '增加实验的功能', '2025-06-05 23:48:48', 6, None, None, '王五', 1, 2)][0m
2025-06-06 08:18:32 [[34mDEBUG[0m] [34m[(3, 2, '实验管理系统', '写一个实验管理系统需要用python实现', '2025-06-05 06:51:55', 6, 22.0, '123', '王五', 1, 2)][0m
2025-06-06 08:18:32 [[34mDEBUG[0m] [34m数据库连接已关闭[0m
2025-06-06 08:18:37 [[32mINFO[0m] [32m搜索已完成实验，关键词：[0m
2025-06-06 08:18:37 [[34mDEBUG[0m] [34m数据库连接已建立[0m
2025-06-06 08:18:37 [[34mDEBUG[0m] [34m数据库连接已关闭[0m
2025-06-06 08:18:38 [[32mINFO[0m] [32m搜索已完成实验，关键词：[0m
2025-06-06 08:18:38 [[34mDEBUG[0m] [34m数据库连接已建立[0m
2025-06-06 08:18:38 [[34mDEBUG[0m] [34m数据库连接已关闭[0m
2025-06-06 08:18:39 [[32mINFO[0m] [32m用户:1234567 查看实验提交 3[0m
2025-06-06 08:18:39 [[34mDEBUG[0m] [34m数据库连接已建立[0m
2025-06-06 08:18:39 [[34mDEBUG[0m] [34m数据库连接已关闭[0m
2025-06-06 08:18:39 [[32mINFO[0m] [32m用户:1234567 打开批改实验窗口，实验ID:3[0m
2025-06-06 08:18:42 [[32mINFO[0m] [32m用户:1234567 编辑实验提交 4[0m
2025-06-06 08:18:42 [[32mINFO[0m] [32m初始化实验提交窗口[0m
2025-06-06 08:18:42 [[34mDEBUG[0m] [34mF:\GitHub\python\class\实验室管理系统\ui\menu/submit_experiment.ui[0m
2025-06-06 08:18:42 [[34mDEBUG[0m] [34m数据库连接已建立[0m
2025-06-06 08:18:42 [[34mDEBUG[0m] [34m数据库连接已关闭[0m
2025-06-06 08:19:12 [[32mINFO[0m] [32m用户:teacher 打回实验提交 4[0m
2025-06-06 08:19:13 [[34mDEBUG[0m] [34m数据库连接已建立[0m
2025-06-06 08:19:14 [[34mDEBUG[0m] [34m数据库连接已建立[0m
2025-06-06 08:19:14 [[34mDEBUG[0m] [34m数据库连接已关闭[0m
2025-06-06 08:19:14 [[34mDEBUG[0m] [34m[][0m
2025-06-06 08:19:14 [[34mDEBUG[0m] [34m[(3, 2, '实验管理系统', '写一个实验管理系统需要用python实现', '2025-06-05 06:51:55', 6, 22.0, '123', '王五', 1, 2)][0m
2025-06-06 08:19:14 [[34mDEBUG[0m] [34m数据库连接已关闭[0m
2025-06-06 08:19:16 [[32mINFO[0m] [32m搜索已完成实验，关键词：[0m
2025-06-06 08:19:16 [[34mDEBUG[0m] [34m数据库连接已建立[0m
2025-06-06 08:19:16 [[34mDEBUG[0m] [34m数据库连接已关闭[0m
2025-06-06 08:24:40 [[34mDEBUG[0m] [34m数据库连接已建立[0m
2025-06-06 08:24:40 [[34mDEBUG[0m] [34m数据库连接已关闭[0m
2025-06-06 08:24:40 [[34mDEBUG[0m] [34m[(4, 2, '实验室管理系统2', '增加实验的功能', '2025-06-05 23:48:48', None, None, None, None, 0, 2), (1, 2, '图书管理系统改', '写一个图书管理系统需要用python实现', '2025-06-05 06:51:55', None, None, None, None, 0, 2)][0m
2025-06-06 08:24:40 [[34mDEBUG[0m] [34m[(3, 2, '实验管理系统', '写一个实验管理系统需要用python实现', '2025-06-05 06:51:55', 6, 22.0, '123', None, 1, 2)][0m
2025-06-06 08:24:42 [[32mINFO[0m] [32m初始化实验提交窗口[0m
2025-06-06 08:24:42 [[34mDEBUG[0m] [34mF:\GitHub\python\class\实验室管理系统\ui\menu/submit_experiment.ui[0m
2025-06-06 08:24:42 [[34mDEBUG[0m] [34m数据库连接已建立[0m
2025-06-06 08:24:42 [[34mDEBUG[0m] [34m数据库连接已关闭[0m
2025-06-06 08:24:45 [[34mDEBUG[0m] [34m数据库连接已建立[0m
2025-06-06 08:24:47 [[34mDEBUG[0m] [34m数据库连接已建立[0m
2025-06-06 08:24:47 [[34mDEBUG[0m] [34m数据库连接已关闭[0m
2025-06-06 08:24:47 [[34mDEBUG[0m] [34m[(1, 2, '图书管理系统改', '写一个图书管理系统需要用python实现', '2025-06-05 06:51:55', None, None, None, None, 0, 2)][0m
2025-06-06 08:24:47 [[34mDEBUG[0m] [34m[(4, 2, '实验室管理系统2', '增加实验的功能', '2025-06-05 23:48:48', 6, None, None, None, 1, 2), (3, 2, '实验管理系统', '写一个实验管理系统需要用python实现', '2025-06-05 06:51:55', 6, 22.0, '123', None, 1, 2)][0m
2025-06-06 08:24:47 [[34mDEBUG[0m] [34m数据库连接已关闭[0m
