2025-06-03 11:17:14 [[34mDEBUG[0m] [34m这是一条调试信息[0m
2025-06-03 11:17:14 [[32mINFO[0m] [32m这是一条普通信息[0m
2025-06-03 11:17:14 [[33mWARNING[0m] [33m这是一条警告信息[0m
2025-06-03 11:17:14 [[31mERROR[0m] [31m这是一条错误信息[0m
2025-06-03 11:17:14 [[31m[47mCRITICAL[0m] [31m[47m这是一条严重错误信息[0m
2025-06-03 11:17:14 [[31mERROR[0m] [31m发生了一个异常[0m
Traceback (most recent call last):
  File "f:\GitHub\python\class\实验室管理系统\utils\logger.py", line 129, in <module>
    1/0
ZeroDivisionError: division by zero
2025-06-03 11:22:09 [[34mDEBUG[0m] [34m这是一条调试信息[0m
2025-06-03 11:22:09 [[32mINFO[0m] [32m这是一条普通信息[0m
2025-06-03 11:22:09 [[33mWARNING[0m] [33m这是一条警告信息[0m
2025-06-03 11:22:09 [[31mERROR[0m] [31m这是一条错误信息[0m
2025-06-03 11:22:09 [[31m[47mCRITICAL[0m] [31m[47m这是一条严重错误信息[0m
2025-06-03 11:22:09 [[31mERROR[0m] [31m发生了一个异常[0m
Traceback (most recent call last):
  File "f:\GitHub\python\class\实验室管理系统\utils\logger.py", line 129, in <module>
    1/0
ZeroDivisionError: division by zero
2025-06-03 11:22:12 [[34mDEBUG[0m] [34m登录窗口初始化完成[0m
2025-06-03 11:22:15 [[32mINFO[0m] [32m用户点击注册按钮，准备打开注册界面[0m
2025-06-03 11:22:15 [[34mDEBUG[0m] [34m注册界面已打开[0m
2025-06-03 11:22:17 [[34mDEBUG[0m] [34m登录窗口初始化完成[0m
2025-06-03 11:22:21 [[32mINFO[0m] [32m用户点击注册按钮，准备打开注册界面[0m
2025-06-03 11:22:21 [[34mDEBUG[0m] [34m注册界面已打开[0m
2025-06-03 11:22:22 [[34mDEBUG[0m] [34m登录窗口初始化完成[0m
2025-06-03 11:22:23 [[32mINFO[0m] [32m用户尝试登录: [0m
2025-06-03 11:22:23 [[33mWARNING[0m] [33m用户名或密码为空[0m
2025-06-03 11:22:26 [[32mINFO[0m] [32m用户尝试登录: [0m
2025-06-03 11:22:26 [[33mWARNING[0m] [33m用户名或密码为空[0m
2025-06-03 11:22:31 [[32mINFO[0m] [32m用户尝试登录: [0m
2025-06-03 11:22:31 [[33mWARNING[0m] [33m用户名或密码为空[0m
2025-06-03 11:23:22 [[34mDEBUG[0m] [34m登录窗口初始化完成[0m
2025-06-03 11:23:24 [[32mINFO[0m] [32m用户退出系统[0m
2025-06-03 11:31:57 [[34mDEBUG[0m] [34m登录窗口初始化完成[0m
2025-06-03 11:32:00 [[32mINFO[0m] [32m用户尝试登录: [0m
2025-06-03 11:32:00 [[33mWARNING[0m] [33m用户名或密码为空[0m
2025-06-03 11:32:02 [[32mINFO[0m] [32m用户点击注册按钮，准备打开注册界面[0m
2025-06-03 11:32:02 [[34mDEBUG[0m] [34m注册界面已打开[0m
2025-06-03 11:32:11 [[34mDEBUG[0m] [34m登录窗口初始化完成[0m
2025-06-03 11:38:40 [[34mDEBUG[0m] [34m登录窗口初始化完成[0m
2025-06-03 11:38:42 [[32mINFO[0m] [32m用户点击注册按钮，准备打开注册界面[0m
2025-06-03 11:38:42 [[34mDEBUG[0m] [34m注册界面已打开[0m
2025-06-03 11:38:49 [[32mINFO[0m] [32m执行注册[0m
2025-06-03 11:38:49 [[32mINFO[0m] [32m验证注册账号输入[0m
2025-06-03 11:38:49 [[33mWARNING[0m] [33m密码长度不能少于8个字符！[0m
2025-06-03 11:38:51 [[32mINFO[0m] [32m执行注册[0m
2025-06-03 11:38:51 [[32mINFO[0m] [32m验证注册账号输入[0m
2025-06-03 11:38:51 [[31mERROR[0m] [31m提交数据库信息失败: division by zero[0m
2025-06-03 11:38:51 [[31mERROR[0m] [31m详细错误信息[0m
Traceback (most recent call last):
  File "f:\GitHub\python\class\实验室管理系统\ui\login\register_window.py", line 84, in do_register
    1/0
ZeroDivisionError: division by zero
2025-06-03 16:20:41 [[34mDEBUG[0m] [34m登录窗口初始化完成[0m
2025-06-03 16:20:42 [[32mINFO[0m] [32m用户点击注册按钮，准备打开注册界面[0m
2025-06-03 16:20:42 [[34mDEBUG[0m] [34m注册窗口初始化完成[0m
2025-06-03 16:20:42 [[34mDEBUG[0m] [34m注册界面已打开[0m
2025-06-03 16:20:44 [[32mINFO[0m] [32m执行注册[0m
2025-06-03 16:20:44 [[32mINFO[0m] [32m验证注册账号输入[0m
2025-06-03 16:20:44 [[33mWARNING[0m] [33m账号不能为空！[0m
2025-06-03 16:20:45 [[32mINFO[0m] [32m执行注册[0m
2025-06-03 16:20:45 [[32mINFO[0m] [32m验证注册账号输入[0m
2025-06-03 16:20:45 [[33mWARNING[0m] [33m账号不能为空！[0m
2025-06-03 16:20:45 [[32mINFO[0m] [32m执行注册[0m
2025-06-03 16:20:45 [[32mINFO[0m] [32m验证注册账号输入[0m
2025-06-03 16:20:45 [[33mWARNING[0m] [33m账号不能为空！[0m
2025-06-03 16:20:46 [[32mINFO[0m] [32m执行注册[0m
2025-06-03 16:20:46 [[32mINFO[0m] [32m验证注册账号输入[0m
2025-06-03 16:20:46 [[33mWARNING[0m] [33m账号不能为空！[0m
2025-06-03 16:20:46 [[32mINFO[0m] [32m执行注册[0m
2025-06-03 16:20:46 [[32mINFO[0m] [32m验证注册账号输入[0m
2025-06-03 16:20:46 [[33mWARNING[0m] [33m账号不能为空！[0m
2025-06-03 16:20:46 [[32mINFO[0m] [32m执行注册[0m
2025-06-03 16:20:46 [[32mINFO[0m] [32m验证注册账号输入[0m
2025-06-03 16:20:46 [[33mWARNING[0m] [33m账号不能为空！[0m
2025-06-03 16:20:46 [[32mINFO[0m] [32m执行注册[0m
2025-06-03 16:20:46 [[32mINFO[0m] [32m验证注册账号输入[0m
2025-06-03 16:20:46 [[33mWARNING[0m] [33m账号不能为空！[0m
2025-06-03 16:20:47 [[32mINFO[0m] [32m执行注册[0m
2025-06-03 16:20:47 [[32mINFO[0m] [32m验证注册账号输入[0m
2025-06-03 16:20:47 [[33mWARNING[0m] [33m账号不能为空！[0m
2025-06-03 16:20:47 [[32mINFO[0m] [32m执行注册[0m
2025-06-03 16:20:47 [[32mINFO[0m] [32m验证注册账号输入[0m
2025-06-03 16:20:47 [[33mWARNING[0m] [33m账号不能为空！[0m
2025-06-03 16:20:52 [[32mINFO[0m] [32m返回登录界面[0m
2025-06-03 16:20:52 [[34mDEBUG[0m] [34m登录窗口初始化完成[0m
2025-06-03 16:20:52 [[34mDEBUG[0m] [34m返回登录界面完成[0m
2025-06-03 16:20:54 [[32mINFO[0m] [32m用户点击注册按钮，准备打开注册界面[0m
2025-06-03 16:20:54 [[34mDEBUG[0m] [34m注册窗口初始化完成[0m
2025-06-03 16:20:54 [[34mDEBUG[0m] [34m注册界面已打开[0m
2025-06-03 16:20:55 [[32mINFO[0m] [32m返回登录界面[0m
2025-06-03 16:20:55 [[34mDEBUG[0m] [34m登录窗口初始化完成[0m
2025-06-03 16:20:55 [[34mDEBUG[0m] [34m返回登录界面完成[0m
2025-06-03 16:20:57 [[32mINFO[0m] [32m用户点击注册按钮，准备打开注册界面[0m
2025-06-03 16:20:57 [[34mDEBUG[0m] [34m注册窗口初始化完成[0m
2025-06-03 16:20:57 [[34mDEBUG[0m] [34m注册界面已打开[0m
2025-06-03 16:20:58 [[32mINFO[0m] [32m返回登录界面[0m
2025-06-03 16:20:58 [[34mDEBUG[0m] [34m登录窗口初始化完成[0m
2025-06-03 16:20:58 [[34mDEBUG[0m] [34m返回登录界面完成[0m
2025-06-03 16:20:58 [[32mINFO[0m] [32m用户点击注册按钮，准备打开注册界面[0m
2025-06-03 16:20:58 [[34mDEBUG[0m] [34m注册窗口初始化完成[0m
2025-06-03 16:20:58 [[34mDEBUG[0m] [34m注册界面已打开[0m
2025-06-03 16:20:59 [[32mINFO[0m] [32m返回登录界面[0m
2025-06-03 16:20:59 [[34mDEBUG[0m] [34m登录窗口初始化完成[0m
2025-06-03 16:20:59 [[34mDEBUG[0m] [34m返回登录界面完成[0m
2025-06-03 16:20:59 [[32mINFO[0m] [32m用户点击注册按钮，准备打开注册界面[0m
2025-06-03 16:20:59 [[34mDEBUG[0m] [34m注册窗口初始化完成[0m
2025-06-03 16:20:59 [[34mDEBUG[0m] [34m注册界面已打开[0m
2025-06-03 16:20:59 [[32mINFO[0m] [32m返回登录界面[0m
2025-06-03 16:20:59 [[34mDEBUG[0m] [34m登录窗口初始化完成[0m
2025-06-03 16:20:59 [[34mDEBUG[0m] [34m返回登录界面完成[0m
2025-06-03 16:21:00 [[32mINFO[0m] [32m用户点击注册按钮，准备打开注册界面[0m
2025-06-03 16:21:00 [[34mDEBUG[0m] [34m注册窗口初始化完成[0m
2025-06-03 16:21:00 [[34mDEBUG[0m] [34m注册界面已打开[0m
2025-06-03 16:21:02 [[32mINFO[0m] [32m返回登录界面[0m
2025-06-03 16:21:02 [[34mDEBUG[0m] [34m登录窗口初始化完成[0m
2025-06-03 16:21:02 [[34mDEBUG[0m] [34m返回登录界面完成[0m
2025-06-03 16:21:03 [[32mINFO[0m] [32m用户点击注册按钮，准备打开注册界面[0m
2025-06-03 16:21:03 [[34mDEBUG[0m] [34m注册窗口初始化完成[0m
2025-06-03 16:21:03 [[34mDEBUG[0m] [34m注册界面已打开[0m
2025-06-03 16:21:06 [[32mINFO[0m] [32m返回登录界面[0m
2025-06-03 16:21:06 [[34mDEBUG[0m] [34m登录窗口初始化完成[0m
2025-06-03 16:21:06 [[34mDEBUG[0m] [34m返回登录界面完成[0m
2025-06-03 21:43:14 [[34mDEBUG[0m] [34m这是一条调试信息[0m
2025-06-03 21:43:14 [[32mINFO[0m] [32m这是一条普通信息[0m
2025-06-03 21:43:14 [[33mWARNING[0m] [33m这是一条警告信息[0m
2025-06-03 21:43:14 [[31mERROR[0m] [31m这是一条错误信息[0m
2025-06-03 21:43:14 [[31m[47mCRITICAL[0m] [31m[47m这是一条严重错误信息[0m
2025-06-03 21:43:14 [[31mERROR[0m] [31m发生了一个异常[0m
Traceback (most recent call last):
  File "f:\GitHub\python\class\实验室管理系统\utils\logger.py", line 129, in <module>
    1/0
ZeroDivisionError: division by zero
2025-06-03 21:43:23 [[34mDEBUG[0m] [34m登录窗口初始化完成[0m
2025-06-03 21:44:00 [[34mDEBUG[0m] [34m登录窗口初始化完成[0m
2025-06-03 21:44:01 [[32mINFO[0m] [32m用户尝试登录:[0m
2025-06-03 21:44:01 [[33mWARNING[0m] [33m用户名或密码为空[0m
2025-06-03 21:44:04 [[32mINFO[0m] [32m用户尝试登录:[0m
2025-06-03 21:44:04 [[33mWARNING[0m] [33m用户名或密码为空[0m
2025-06-03 21:44:04 [[32mINFO[0m] [32m用户尝试登录:[0m
2025-06-03 21:44:04 [[33mWARNING[0m] [33m用户名或密码为空[0m
2025-06-03 21:44:05 [[32mINFO[0m] [32m用户点击注册按钮，准备打开注册界面[0m
2025-06-03 21:44:05 [[34mDEBUG[0m] [34m注册窗口初始化完成[0m
2025-06-03 21:44:05 [[34mDEBUG[0m] [34m注册界面已打开[0m
2025-06-03 21:44:06 [[32mINFO[0m] [32m执行注册[0m
2025-06-03 21:44:06 [[32mINFO[0m] [32m验证注册账号输入[0m
2025-06-03 21:44:06 [[33mWARNING[0m] [33m账号不能为空！[0m
2025-06-03 21:44:06 [[32mINFO[0m] [32m执行注册[0m
2025-06-03 21:44:06 [[32mINFO[0m] [32m验证注册账号输入[0m
2025-06-03 21:44:06 [[33mWARNING[0m] [33m账号不能为空！[0m
2025-06-03 21:44:07 [[32mINFO[0m] [32m执行注册[0m
2025-06-03 21:44:07 [[32mINFO[0m] [32m验证注册账号输入[0m
2025-06-03 21:44:07 [[33mWARNING[0m] [33m账号不能为空！[0m
2025-06-03 21:44:07 [[32mINFO[0m] [32m执行注册[0m
2025-06-03 21:44:07 [[32mINFO[0m] [32m验证注册账号输入[0m
2025-06-03 21:44:07 [[33mWARNING[0m] [33m账号不能为空！[0m
2025-06-03 21:44:07 [[32mINFO[0m] [32m执行注册[0m
2025-06-03 21:44:07 [[32mINFO[0m] [32m验证注册账号输入[0m
2025-06-03 21:44:07 [[33mWARNING[0m] [33m账号不能为空！[0m
2025-06-03 21:44:07 [[32mINFO[0m] [32m执行注册[0m
2025-06-03 21:44:07 [[32mINFO[0m] [32m验证注册账号输入[0m
2025-06-03 21:44:07 [[33mWARNING[0m] [33m账号不能为空！[0m
2025-06-03 21:44:08 [[32mINFO[0m] [32m返回登录界面[0m
2025-06-03 21:44:08 [[34mDEBUG[0m] [34m登录窗口初始化完成[0m
2025-06-03 21:44:08 [[34mDEBUG[0m] [34m返回登录界面完成[0m
2025-06-03 21:44:09 [[32mINFO[0m] [32m用户尝试登录:[0m
2025-06-03 21:44:09 [[33mWARNING[0m] [33m用户名或密码为空[0m
2025-06-03 21:44:11 [[32mINFO[0m] [32m用户点击注册按钮，准备打开注册界面[0m
2025-06-03 21:44:11 [[34mDEBUG[0m] [34m注册窗口初始化完成[0m
2025-06-03 21:44:11 [[34mDEBUG[0m] [34m注册界面已打开[0m
2025-06-03 21:44:11 [[32mINFO[0m] [32m返回登录界面[0m
2025-06-03 21:44:11 [[34mDEBUG[0m] [34m登录窗口初始化完成[0m
2025-06-03 21:44:11 [[34mDEBUG[0m] [34m返回登录界面完成[0m
2025-06-03 21:44:11 [[32mINFO[0m] [32m用户点击注册按钮，准备打开注册界面[0m
2025-06-03 21:44:11 [[34mDEBUG[0m] [34m注册窗口初始化完成[0m
2025-06-03 21:44:11 [[34mDEBUG[0m] [34m注册界面已打开[0m
2025-06-03 21:44:11 [[32mINFO[0m] [32m返回登录界面[0m
2025-06-03 21:44:11 [[34mDEBUG[0m] [34m登录窗口初始化完成[0m
2025-06-03 21:44:11 [[34mDEBUG[0m] [34m返回登录界面完成[0m
2025-06-03 21:44:12 [[32mINFO[0m] [32m用户点击注册按钮，准备打开注册界面[0m
2025-06-03 21:44:12 [[34mDEBUG[0m] [34m注册窗口初始化完成[0m
2025-06-03 21:44:12 [[34mDEBUG[0m] [34m注册界面已打开[0m
2025-06-03 21:44:12 [[32mINFO[0m] [32m返回登录界面[0m
2025-06-03 21:44:12 [[34mDEBUG[0m] [34m登录窗口初始化完成[0m
2025-06-03 21:44:12 [[34mDEBUG[0m] [34m返回登录界面完成[0m
2025-06-03 21:44:12 [[32mINFO[0m] [32m用户点击注册按钮，准备打开注册界面[0m
2025-06-03 21:44:12 [[34mDEBUG[0m] [34m注册窗口初始化完成[0m
2025-06-03 21:44:12 [[34mDEBUG[0m] [34m注册界面已打开[0m
2025-06-03 21:44:12 [[32mINFO[0m] [32m返回登录界面[0m
2025-06-03 21:44:12 [[34mDEBUG[0m] [34m登录窗口初始化完成[0m
2025-06-03 21:44:12 [[34mDEBUG[0m] [34m返回登录界面完成[0m
2025-06-03 21:44:22 [[32mINFO[0m] [32m用户尝试登录:[0m
2025-06-03 21:44:22 [[32mINFO[0m] [32m用户尝试登录:[0m
2025-06-03 21:44:22 [[32mINFO[0m] [32m用户尝试登录:[0m
2025-06-03 21:44:22 [[32mINFO[0m] [32m用户尝试登录:[0m
2025-06-03 21:44:22 [[32mINFO[0m] [32m用户尝试登录:[0m
2025-06-03 21:44:23 [[32mINFO[0m] [32m用户尝试登录:[0m
2025-06-03 21:44:23 [[32mINFO[0m] [32m用户尝试登录:[0m
2025-06-03 21:44:23 [[32mINFO[0m] [32m用户尝试登录:[0m
2025-06-03 21:44:23 [[32mINFO[0m] [32m用户尝试登录:[0m
2025-06-03 21:44:24 [[32mINFO[0m] [32m用户尝试登录:[0m
2025-06-03 21:44:24 [[32mINFO[0m] [32m用户尝试登录:[0m
2025-06-03 21:44:24 [[32mINFO[0m] [32m用户尝试登录:[0m
2025-06-03 21:44:28 [[34mDEBUG[0m] [34m登录窗口初始化完成[0m
2025-06-03 21:44:30 [[32mINFO[0m] [32m用户尝试登录:[0m
2025-06-03 21:44:30 [[33mWARNING[0m] [33m用户名或密码为空[0m
2025-06-03 21:44:30 [[32mINFO[0m] [32m用户尝试登录:[0m
2025-06-03 21:44:30 [[33mWARNING[0m] [33m用户名或密码为空[0m
2025-06-03 21:44:31 [[32mINFO[0m] [32m用户尝试登录:[0m
2025-06-03 21:44:31 [[32mINFO[0m] [32m用户尝试登录:[0m
2025-06-03 21:44:32 [[32mINFO[0m] [32m用户点击注册按钮，准备打开注册界面[0m
2025-06-03 21:44:32 [[34mDEBUG[0m] [34m注册窗口初始化完成[0m
2025-06-03 21:44:32 [[34mDEBUG[0m] [34m注册界面已打开[0m
2025-06-03 21:44:35 [[32mINFO[0m] [32m执行注册[0m
2025-06-03 21:44:35 [[32mINFO[0m] [32m验证注册账号输入[0m
2025-06-03 21:44:36 [[32mINFO[0m] [32m返回登录界面[0m
2025-06-03 21:44:36 [[34mDEBUG[0m] [34m登录窗口初始化完成[0m
2025-06-03 21:44:36 [[34mDEBUG[0m] [34m返回登录界面完成[0m
2025-06-03 21:54:01 [[32mINFO[0m] [32m用户尝试登录:[0m
2025-06-03 21:54:01 [[33mWARNING[0m] [33m用户名或密码为空[0m
2025-06-03 21:54:01 [[32mINFO[0m] [32m用户尝试登录:[0m
2025-06-03 21:54:01 [[33mWARNING[0m] [33m用户名或密码为空[0m
2025-06-03 21:54:01 [[32mINFO[0m] [32m用户尝试登录:[0m
2025-06-03 21:54:01 [[33mWARNING[0m] [33m用户名或密码为空[0m
2025-06-03 21:54:01 [[32mINFO[0m] [32m用户尝试登录:[0m
2025-06-03 21:54:01 [[33mWARNING[0m] [33m用户名或密码为空[0m
2025-06-03 21:54:02 [[32mINFO[0m] [32m用户尝试登录:[0m
2025-06-03 21:54:02 [[33mWARNING[0m] [33m用户名或密码为空[0m
2025-06-03 21:54:04 [[32mINFO[0m] [32m用户尝试登录:[0m
2025-06-03 21:54:06 [[32mINFO[0m] [32m用户尝试登录:[0m
2025-06-03 21:54:07 [[32mINFO[0m] [32m用户尝试登录:[0m
2025-06-03 21:54:10 [[32mINFO[0m] [32m用户点击注册按钮，准备打开注册界面[0m
2025-06-03 21:54:10 [[34mDEBUG[0m] [34m注册窗口初始化完成[0m
2025-06-03 21:54:10 [[34mDEBUG[0m] [34m注册界面已打开[0m
2025-06-03 21:54:14 [[32mINFO[0m] [32m执行注册[0m
2025-06-03 21:54:14 [[32mINFO[0m] [32m验证注册账号输入[0m
2025-06-03 21:54:14 [[33mWARNING[0m] [33m账号长度不能少于3个字符！[0m
2025-06-03 21:54:14 [[32mINFO[0m] [32m执行注册[0m
2025-06-03 21:54:14 [[32mINFO[0m] [32m验证注册账号输入[0m
2025-06-03 21:54:14 [[33mWARNING[0m] [33m账号长度不能少于3个字符！[0m
2025-06-03 21:54:16 [[32mINFO[0m] [32m执行注册[0m
2025-06-03 21:54:16 [[32mINFO[0m] [32m验证注册账号输入[0m
2025-06-03 21:54:16 [[33mWARNING[0m] [33m密码长度不能少于8个字符！[0m
2025-06-03 21:54:16 [[32mINFO[0m] [32m执行注册[0m
2025-06-03 21:54:16 [[32mINFO[0m] [32m验证注册账号输入[0m
2025-06-03 21:54:16 [[33mWARNING[0m] [33m密码长度不能少于8个字符！[0m
2025-06-03 21:54:18 [[32mINFO[0m] [32m执行注册[0m
2025-06-03 21:54:18 [[32mINFO[0m] [32m验证注册账号输入[0m
2025-06-03 21:54:22 [[32mINFO[0m] [32m返回登录界面[0m
2025-06-03 21:54:22 [[34mDEBUG[0m] [34m登录窗口初始化完成[0m
2025-06-03 21:54:22 [[34mDEBUG[0m] [34m返回登录界面完成[0m
2025-06-03 21:54:30 [[32mINFO[0m] [32m用户退出系统[0m
