2025-06-07 15:41:35 [[32mINFO[0m] [32m初始化数据库: F:\GitHub\python\class\实验室管理系统\database\database.db[0m
2025-06-07 15:41:35 [[34mDEBUG[0m] [34m数据库连接已建立[0m
2025-06-07 15:41:35 [[34mDEBUG[0m] [34m数据库连接已关闭[0m
2025-06-07 15:41:35 [[34mDEBUG[0m] [34mF:\GitHub\python\class\实验室管理系统\ui\login/login_window.ui[0m
2025-06-07 15:41:35 [[34mDEBUG[0m] [34m登录窗口初始化完成[0m
2025-06-07 15:41:48 [[32mINFO[0m] [32m用户尝试登录[0m
2025-06-07 15:41:48 [[34mDEBUG[0m] [34m2025-06-07 15:41:48[0m
2025-06-07 15:41:48 [[34mDEBUG[0m] [34m用户对象初始化:完成[0m
2025-06-07 15:41:48 [[34mDEBUG[0m] [34m数据库连接已建立[0m
2025-06-07 15:41:48 [[34mDEBUG[0m] [34m数据库连接已关闭[0m
2025-06-07 15:41:48 [[34mDEBUG[0m] [34m用户信息: (4, '123456', '8d969eef6ecad3c29a3a629280e686cf0c3f5d5a86aff3ca12020c923adc6c92', 'student', '张三', '', 2, '2025-06-05 06:51:55')[0m
2025-06-07 15:41:48 [[32mINFO[0m] [32m用户 123456 登录成功[0m
2025-06-07 15:41:48 [[32mINFO[0m] [32m准备打开student角色的主界面[0m
2025-06-07 15:41:48 [[32mINFO[0m] [32m初始化主窗口[0m
2025-06-07 15:41:48 [[32mINFO[0m] [32m用户信息：{'id': 4, 'username': '123456', 'password': '8d969eef6ecad3c29a3a629280e686cf0c3f5d5a86aff3ca12020c923adc6c92', 'role': 'student', 'real_name': '张三', 'create_time': datetime.datetime(2025, 6, 5, 6, 51, 55), 'student_id': '', 'teacher_id': 2}[0m
2025-06-07 15:41:48 [[32mINFO[0m] [32m初始化界面元素[0m
2025-06-07 15:41:48 [[32mINFO[0m] [32m设置信号和槽的连接[0m
2025-06-07 15:41:48 [[32mINFO[0m] [32m加载用户信息[0m
2025-06-07 15:41:48 [[32mINFO[0m] [32m设置界面权限[0m
2025-06-07 15:41:48 [[32mINFO[0m] [32m主窗口初始化完成，用户角色: student[0m
2025-06-07 15:43:48 [[32mINFO[0m] [32m初始化数据库: F:\GitHub\python\class\实验室管理系统\database\database.db[0m
2025-06-07 15:43:48 [[34mDEBUG[0m] [34m数据库连接已建立[0m
2025-06-07 15:43:48 [[34mDEBUG[0m] [34m数据库连接已关闭[0m
2025-06-07 15:43:48 [[34mDEBUG[0m] [34mF:\GitHub\python\class\实验室管理系统\ui\login/login_window.ui[0m
2025-06-07 15:43:48 [[34mDEBUG[0m] [34m登录窗口初始化完成[0m
2025-06-07 15:44:03 [[32mINFO[0m] [32m用户尝试登录[0m
2025-06-07 15:44:03 [[34mDEBUG[0m] [34m2025-06-07 15:44:03[0m
2025-06-07 15:44:03 [[34mDEBUG[0m] [34m用户对象初始化:完成[0m
2025-06-07 15:44:03 [[34mDEBUG[0m] [34m数据库连接已建立[0m
2025-06-07 15:44:03 [[34mDEBUG[0m] [34m数据库连接已关闭[0m
2025-06-07 15:44:03 [[33mWARNING[0m] [33m用户 teacher 登录失败[0m
2025-06-07 15:44:20 [[32mINFO[0m] [32m用户尝试登录[0m
2025-06-07 15:44:20 [[34mDEBUG[0m] [34m2025-06-07 15:44:20[0m
2025-06-07 15:44:20 [[34mDEBUG[0m] [34m用户对象初始化:完成[0m
2025-06-07 15:44:20 [[34mDEBUG[0m] [34m数据库连接已建立[0m
2025-06-07 15:44:20 [[34mDEBUG[0m] [34m数据库连接已关闭[0m
2025-06-07 15:44:20 [[34mDEBUG[0m] [34m用户信息: (2, 'teacher', 'cde383eee8ee7a4400adf7a15f716f179a2eb97646b37e089eb8d6d04e663416', 'teacher', '教师测试账号', None, 2, '2025-06-05 06:51:55')[0m
2025-06-07 15:44:20 [[32mINFO[0m] [32m用户 teacher 登录成功[0m
2025-06-07 15:44:20 [[32mINFO[0m] [32m准备打开teacher角色的主界面[0m
2025-06-07 15:44:20 [[32mINFO[0m] [32m初始化主窗口[0m
2025-06-07 15:44:20 [[32mINFO[0m] [32m用户信息：{'id': 2, 'username': 'teacher', 'password': 'cde383eee8ee7a4400adf7a15f716f179a2eb97646b37e089eb8d6d04e663416', 'role': 'teacher', 'real_name': '教师测试账号', 'create_time': datetime.datetime(2025, 6, 5, 6, 51, 55), 'student_id': None, 'teacher_id': 2}[0m
2025-06-07 15:44:20 [[32mINFO[0m] [32m初始化界面元素[0m
2025-06-07 15:44:20 [[32mINFO[0m] [32m设置信号和槽的连接[0m
2025-06-07 15:44:20 [[32mINFO[0m] [32m加载用户信息[0m
2025-06-07 15:44:20 [[32mINFO[0m] [32m设置界面权限[0m
2025-06-07 15:44:20 [[32mINFO[0m] [32m主窗口初始化完成，用户角色: teacher[0m
2025-06-07 15:44:25 [[34mDEBUG[0m] [34m数据库连接已建立[0m
2025-06-07 15:44:25 [[34mDEBUG[0m] [34m数据库连接已关闭[0m
2025-06-07 15:44:26 [[34mDEBUG[0m] [34m数据库连接已建立[0m
2025-06-07 15:44:26 [[34mDEBUG[0m] [34m数据库连接已关闭[0m
2025-06-07 15:44:30 [[34mDEBUG[0m] [34m数据库连接已建立[0m
2025-06-07 15:44:31 [[34mDEBUG[0m] [34m数据库连接已建立[0m
2025-06-07 15:44:31 [[34mDEBUG[0m] [34m数据库连接已关闭[0m
2025-06-07 15:44:31 [[34mDEBUG[0m] [34m数据库连接已关闭[0m
2025-06-07 15:44:35 [[34mDEBUG[0m] [34m数据库连接已建立[0m
2025-06-07 15:44:37 [[34mDEBUG[0m] [34m数据库连接已建立[0m
2025-06-07 15:44:37 [[34mDEBUG[0m] [34m数据库连接已关闭[0m
2025-06-07 15:44:37 [[34mDEBUG[0m] [34m数据库连接已关闭[0m
2025-06-07 15:44:38 [[34mDEBUG[0m] [34m数据库连接已建立[0m
2025-06-07 15:44:40 [[34mDEBUG[0m] [34m数据库连接已建立[0m
2025-06-07 15:44:40 [[34mDEBUG[0m] [34m数据库连接已关闭[0m
2025-06-07 15:44:40 [[34mDEBUG[0m] [34m数据库连接已关闭[0m
2025-06-07 15:44:41 [[34mDEBUG[0m] [34m数据库连接已建立[0m
2025-06-07 15:44:41 [[34mDEBUG[0m] [34m数据库连接已关闭[0m
2025-06-07 15:44:41 [[34mDEBUG[0m] [34m[(4, 2, '实验室管理系统2', '增加实验的功能', '2025-06-05 23:48:48', None, None, None, None, 1, 1), (1, 2, '图书管理系统改', '写一个图书管理系统需要用python实现', '2025-06-05 06:51:55', None, None, None, None, 0, 1)][0m
2025-06-07 15:44:41 [[34mDEBUG[0m] [34m[(3, 2, '实验管理系统', '写一个实验管理系统需要用python实现', '2025-06-05 06:51:55', 4, None, None, None, 2, 1)][0m
2025-06-07 15:44:45 [[32mINFO[0m] [32m初始化实验提交窗口[0m
2025-06-07 15:44:45 [[34mDEBUG[0m] [34mF:\GitHub\python\class\实验室管理系统\ui\menu/submit_experiment.ui[0m
2025-06-07 15:44:45 [[34mDEBUG[0m] [34m数据库连接已建立[0m
2025-06-07 15:44:45 [[34mDEBUG[0m] [34m数据库连接已关闭[0m
2025-06-07 15:44:47 [[34mDEBUG[0m] [34m数据库连接已建立[0m
2025-06-07 15:44:48 [[34mDEBUG[0m] [34m数据库连接已建立[0m
2025-06-07 15:44:48 [[34mDEBUG[0m] [34m数据库连接已关闭[0m
2025-06-07 15:44:48 [[34mDEBUG[0m] [34m[(1, 2, '图书管理系统改', '写一个图书管理系统需要用python实现', '2025-06-05 06:51:55', None, None, None, None, 0, 1)][0m
2025-06-07 15:44:48 [[34mDEBUG[0m] [34m[(4, 2, '实验室管理系统2', '增加实验的功能', '2025-06-05 23:48:48', 4, None, None, None, 2, 1), (3, 2, '实验管理系统', '写一个实验管理系统需要用python实现', '2025-06-05 06:51:55', 4, None, None, None, 2, 1)][0m
2025-06-07 15:44:48 [[34mDEBUG[0m] [34m数据库连接已关闭[0m
2025-06-07 15:44:51 [[34mDEBUG[0m] [34m数据库连接已建立[0m
2025-06-07 15:44:51 [[34mDEBUG[0m] [34m数据库连接已关闭[0m
2025-06-07 15:44:52 [[34mDEBUG[0m] [34m数据库连接已建立[0m
2025-06-07 15:44:52 [[34mDEBUG[0m] [34m数据库连接已关闭[0m
2025-06-07 15:44:54 [[34mDEBUG[0m] [34m数据库连接已建立[0m
2025-06-07 15:44:54 [[34mDEBUG[0m] [34m数据库连接已关闭[0m
2025-06-07 15:44:54 [[34mDEBUG[0m] [34m[(4, 2, '实验室管理系统2', '增加实验的功能', '2025-06-05 23:48:48', 4, None, None, '张三', 2, 1), (3, 2, '实验管理系统', '写一个实验管理系统需要用python实现', '2025-06-05 06:51:55', 4, None, None, '张三', 2, 1), (4, 2, '实验室管理系统2', '增加实验的功能', '2025-06-05 23:48:48', 6, None, None, '王五', 2, 1)][0m
2025-06-07 15:44:54 [[34mDEBUG[0m] [34m[(3, 2, '实验管理系统', '写一个实验管理系统需要用python实现', '2025-06-05 06:51:55', 6, 22.0, '123', '王五', 2, 1)][0m
2025-06-07 15:45:04 [[32mINFO[0m] [32m批改实验提交 3[0m
2025-06-07 15:45:04 [[34mDEBUG[0m] [34m数据库连接已建立[0m
2025-06-07 15:45:04 [[34mDEBUG[0m] [34m数据库连接已关闭[0m
2025-06-07 15:45:04 [[32mINFO[0m] [32m用户:teacher 打开批改实验窗口，实验ID:3[0m
2025-06-07 15:45:15 [[34mDEBUG[0m] [34m数据库连接已建立[0m
2025-06-07 15:45:15 [[32mINFO[0m] [32m用户:teacher 完成实验批改，实验ID:3[0m
2025-06-07 15:45:17 [[34mDEBUG[0m] [34m数据库连接已建立[0m
2025-06-07 15:45:17 [[34mDEBUG[0m] [34m数据库连接已关闭[0m
2025-06-07 15:45:17 [[34mDEBUG[0m] [34m[(4, 2, '实验室管理系统2', '增加实验的功能', '2025-06-05 23:48:48', 4, None, None, '张三', 2, 1), (4, 2, '实验室管理系统2', '增加实验的功能', '2025-06-05 23:48:48', 6, None, None, '王五', 2, 1)][0m
2025-06-07 15:45:17 [[34mDEBUG[0m] [34m[(3, 2, '实验管理系统', '写一个实验管理系统需要用python实现', '2025-06-05 06:51:55', 4, 22.0, '1233', '张三', 2, 1), (3, 2, '实验管理系统', '写一个实验管理系统需要用python实现', '2025-06-05 06:51:55', 6, 22.0, '1233', '王五', 2, 1)][0m
2025-06-07 15:45:17 [[34mDEBUG[0m] [34m数据库连接已关闭[0m
2025-06-07 15:45:41 [[32mINFO[0m] [32m用户:123456删除实验提交 4[0m
2025-06-07 15:45:41 [[34mDEBUG[0m] [34m数据库连接已建立[0m
2025-06-07 15:45:43 [[34mDEBUG[0m] [34m数据库连接已建立[0m
2025-06-07 15:45:43 [[34mDEBUG[0m] [34m数据库连接已关闭[0m
2025-06-07 15:45:43 [[34mDEBUG[0m] [34m[(4, 2, '实验室管理系统2', '增加实验的功能', '2025-06-05 23:48:48', None, None, None, None, 1, 1), (1, 2, '图书管理系统改', '写一个图书管理系统需要用python实现', '2025-06-05 06:51:55', None, None, None, None, 0, 1)][0m
2025-06-07 15:45:43 [[34mDEBUG[0m] [34m[(3, 2, '实验管理系统', '写一个实验管理系统需要用python实现', '2025-06-05 06:51:55', 4, 22.0, '1233', None, 2, 1)][0m
2025-06-07 15:45:43 [[34mDEBUG[0m] [34m数据库连接已关闭[0m
